2025-04-01 20:18:04.788 -07:00 [INF] User profile is available. Using 'C:\Users\Mbarn\AppData\Local\ASP.NET\DataProtection-Keys' as key repository and Windows DPAPI to encrypt keys at rest.
2025-04-01 20:18:04.990 -07:00 [INF] Now listening on: http://localhost:5276
2025-04-01 20:18:04.993 -07:00 [INF] Application started. Press Ctrl+C to shut down.
2025-04-01 20:18:04.995 -07:00 [INF] Hosting environment: Development
2025-04-01 20:18:04.996 -07:00 [INF] Content root path: C:\Users\Mbarn\OneDrive\Desktop\ITT-490_Capstone\WebDev\demlandscheduling
2025-04-01 20:18:06.259 -07:00 [INF] Request starting HTTP/1.1 GET http://localhost:5276/ - null null
2025-04-01 20:18:06.274 -07:00 [WRN] Failed to determine the https port for redirect.
2025-04-01 20:18:06.339 -07:00 [INF] Executing endpoint '/Index'
2025-04-01 20:18:06.377 -07:00 [INF] Route matched with {page = "/Index"}. Executing page /Index
2025-04-01 20:18:06.506 -07:00 [INF] Executing handler method demlandscheduling.Pages.Index.IndexModel.OnGetAsync - ModelState is "Valid"
2025-04-01 20:18:07.382 -07:00 [INF] Executed DbCommand (51ms) [Parameters=[], CommandType='"Text"', CommandTimeout='30']
SELECT [d].[AgreementNumber], [d].[ClassEnd], [d].[ClassSchedDescrip], [d].[ClassStart], [d].[Course], [d].[Cr], [d].[Days], [d].[DeliveryMethod], [d].[Email], [d].[EndTime], [d].[Max], [d].[Reg], [d].[SchedID], [d].[SecondaryTeachers], [d].[Section], [d].[StartTime], [d].[TeacherDescrip]
FROM [DemlandData] AS [d]
2025-04-01 20:18:07.417 -07:00 [INF] Executed handler method OnGetAsync, returned result .
2025-04-01 20:18:07.422 -07:00 [INF] Executing an implicit handler method - ModelState is "Valid"
2025-04-01 20:18:07.423 -07:00 [INF] Executed an implicit handler method, returned result Microsoft.AspNetCore.Mvc.RazorPages.PageResult.
2025-04-01 20:18:07.496 -07:00 [INF] Executed page /Index in 1111.0229ms
2025-04-01 20:18:07.510 -07:00 [INF] Executed endpoint '/Index'
2025-04-01 20:18:07.519 -07:00 [INF] Request starting HTTP/1.1 GET http://localhost:5276/lib/bootstrap/dist/css/bootstrap.min.46ein0sx1k.css - null null
2025-04-01 20:18:07.521 -07:00 [INF] Request starting HTTP/1.1 GET http://localhost:5276/lib/jquery/dist/jquery.min.o1o13a6vjx.js - null null
2025-04-01 20:18:07.523 -07:00 [INF] Request finished HTTP/1.1 GET http://localhost:5276/ - 200 null text/html; charset=utf-8 1266.7904ms
2025-04-01 20:18:07.528 -07:00 [INF] Executing endpoint 'Microsoft.AspNetCore.Routing.RouteEndpoint'
2025-04-01 20:18:07.528 -07:00 [INF] Executing endpoint 'Microsoft.AspNetCore.Routing.RouteEndpoint'
2025-04-01 20:18:07.529 -07:00 [INF] Request starting HTTP/1.1 GET http://localhost:5276/css/site.b9sayid5wm.css - null null
2025-04-01 20:18:07.535 -07:00 [INF] Executing endpoint 'Microsoft.AspNetCore.Routing.RouteEndpoint'
2025-04-01 20:18:07.536 -07:00 [INF] Request starting HTTP/1.1 GET http://localhost:5276/demlandscheduling.egnucrccwx.styles.css - null null
2025-04-01 20:18:07.545 -07:00 [INF] Executing endpoint 'Microsoft.AspNetCore.Routing.RouteEndpoint'
2025-04-01 20:18:07.545 -07:00 [INF] Sending file. Request path: 'css/site.b9sayid5wm.css'. Physical path: 'C:\Users\Mbarn\OneDrive\Desktop\ITT-490_Capstone\WebDev\demlandscheduling\obj\Debug\net9.0\compressed\0hihaubtt6-b9sayid5wm.gz'
2025-04-01 20:18:07.552 -07:00 [INF] Executed endpoint 'Microsoft.AspNetCore.Routing.RouteEndpoint'
2025-04-01 20:18:07.553 -07:00 [INF] Request finished HTTP/1.1 GET http://localhost:5276/css/site.b9sayid5wm.css - 200 700 text/css 23.8923ms
2025-04-01 20:18:07.553 -07:00 [INF] Sending file. Request path: 'demlandscheduling.egnucrccwx.styles.css'. Physical path: 'C:\Users\Mbarn\OneDrive\Desktop\ITT-490_Capstone\WebDev\demlandscheduling\obj\Debug\net9.0\compressed\80om1cz1x7-egnucrccwx.gz'
2025-04-01 20:18:07.554 -07:00 [INF] Request starting HTTP/1.1 GET http://localhost:5276/lib/bootstrap/dist/js/bootstrap.bundle.min.493y06b0oq.js - null null
2025-04-01 20:18:07.554 -07:00 [INF] Request starting HTTP/1.1 GET http://localhost:5276/js/site.xtxxf3hu2r.js - null null
2025-04-01 20:18:07.559 -07:00 [INF] Executed endpoint 'Microsoft.AspNetCore.Routing.RouteEndpoint'
2025-04-01 20:18:07.564 -07:00 [INF] Sending file. Request path: 'lib/bootstrap/dist/css/bootstrap.min.46ein0sx1k.css'. Physical path: 'C:\Users\Mbarn\OneDrive\Desktop\ITT-490_Capstone\WebDev\demlandscheduling\obj\Debug\net9.0\compressed\meb6a3a7zm-46ein0sx1k.gz'
2025-04-01 20:18:07.568 -07:00 [INF] Sending file. Request path: 'lib/jquery/dist/jquery.min.o1o13a6vjx.js'. Physical path: 'C:\Users\Mbarn\OneDrive\Desktop\ITT-490_Capstone\WebDev\demlandscheduling\obj\Debug\net9.0\compressed\kdp67iu68t-o1o13a6vjx.gz'
2025-04-01 20:18:07.574 -07:00 [INF] Request finished HTTP/1.1 GET http://localhost:5276/demlandscheduling.egnucrccwx.styles.css - 200 1792 text/css 38.5789ms
2025-04-01 20:18:07.576 -07:00 [INF] Executed endpoint 'Microsoft.AspNetCore.Routing.RouteEndpoint'
2025-04-01 20:18:07.577 -07:00 [INF] Executing endpoint 'Microsoft.AspNetCore.Routing.RouteEndpoint'
2025-04-01 20:18:07.577 -07:00 [INF] Executed endpoint 'Microsoft.AspNetCore.Routing.RouteEndpoint'
2025-04-01 20:18:07.581 -07:00 [INF] Executing endpoint 'Microsoft.AspNetCore.Routing.RouteEndpoint'
2025-04-01 20:18:07.581 -07:00 [INF] Request finished HTTP/1.1 GET http://localhost:5276/lib/bootstrap/dist/css/bootstrap.min.46ein0sx1k.css - 200 232871 text/css 63.0532ms
2025-04-01 20:18:07.584 -07:00 [INF] Request finished HTTP/1.1 GET http://localhost:5276/lib/jquery/dist/jquery.min.o1o13a6vjx.js - 200 87576 text/javascript 62.3911ms
2025-04-01 20:18:07.584 -07:00 [INF] Sending file. Request path: 'js/site.xtxxf3hu2r.js'. Physical path: 'C:\Users\Mbarn\OneDrive\Desktop\ITT-490_Capstone\WebDev\demlandscheduling\obj\Debug\net9.0\compressed\mjyoqukev6-xtxxf3hu2r.gz'
2025-04-01 20:18:07.597 -07:00 [INF] Executed endpoint 'Microsoft.AspNetCore.Routing.RouteEndpoint'
2025-04-01 20:18:07.598 -07:00 [INF] Sending file. Request path: 'lib/bootstrap/dist/js/bootstrap.bundle.min.493y06b0oq.js'. Physical path: 'C:\Users\Mbarn\OneDrive\Desktop\ITT-490_Capstone\WebDev\demlandscheduling\obj\Debug\net9.0\compressed\zl532ta6m0-493y06b0oq.gz'
2025-04-01 20:18:07.599 -07:00 [INF] Request finished HTTP/1.1 GET http://localhost:5276/js/site.xtxxf3hu2r.js - 200 264 text/javascript 44.4706ms
2025-04-01 20:18:07.601 -07:00 [INF] Executed endpoint 'Microsoft.AspNetCore.Routing.RouteEndpoint'
2025-04-01 20:18:07.614 -07:00 [INF] Request finished HTTP/1.1 GET http://localhost:5276/lib/bootstrap/dist/js/bootstrap.bundle.min.493y06b0oq.js - 200 80764 text/javascript 60.1406ms
2025-04-01 20:18:11.672 -07:00 [INF] Request starting HTTP/1.1 GET http://localhost:5276/Filtering/FilterPage - null null
2025-04-01 20:18:11.694 -07:00 [INF] Executing endpoint '/Filtering/FilterPage'
2025-04-01 20:18:11.715 -07:00 [INF] Route matched with {page = "/Filtering/FilterPage"}. Executing page /Filtering/FilterPage
2025-04-01 20:18:11.729 -07:00 [INF] Executing handler method demlandscheduling.Pages.Filtering.FilterPage.OnGet - ModelState is "Valid"
2025-04-01 20:18:11.738 -07:00 [INF] Filtering data with the filter values: , , 0, , 
2025-04-01 20:18:11.846 -07:00 [INF] Executed DbCommand (9ms) [Parameters=[], CommandType='"Text"', CommandTimeout='30']
SELECT DISTINCT [d].[Course]
FROM [DemlandData] AS [d]
2025-04-01 20:18:11.862 -07:00 [INF] Executed DbCommand (6ms) [Parameters=[], CommandType='"Text"', CommandTimeout='30']
SELECT DISTINCT [d].[TeacherDescrip]
FROM [DemlandData] AS [d]
2025-04-01 20:18:11.877 -07:00 [INF] Executed DbCommand (4ms) [Parameters=[], CommandType='"Text"', CommandTimeout='30']
SELECT DISTINCT [d].[StartTime]
FROM [DemlandData] AS [d]
2025-04-01 20:18:11.901 -07:00 [INF] Executed DbCommand (13ms) [Parameters=[], CommandType='"Text"', CommandTimeout='30']
SELECT DISTINCT [d].[EndTime]
FROM [DemlandData] AS [d]
2025-04-01 20:18:11.926 -07:00 [INF] Executed DbCommand (13ms) [Parameters=[], CommandType='"Text"', CommandTimeout='30']
SELECT DISTINCT [d].[Days]
FROM [DemlandData] AS [d]
2025-04-01 20:18:11.951 -07:00 [INF] Executed DbCommand (16ms) [Parameters=[], CommandType='"Text"', CommandTimeout='30']
SELECT DISTINCT [d].[DeliveryMethod]
FROM [DemlandData] AS [d]
2025-04-01 20:18:11.976 -07:00 [INF] Executed DbCommand (17ms) [Parameters=[], CommandType='"Text"', CommandTimeout='30']
SELECT DISTINCT [d].[Email]
FROM [DemlandData] AS [d]
2025-04-01 20:18:12.001 -07:00 [INF] Executed DbCommand (13ms) [Parameters=[], CommandType='"Text"', CommandTimeout='30']
SELECT DISTINCT [d].[Max]
FROM [DemlandData] AS [d]
2025-04-01 20:18:12.021 -07:00 [INF] Executed DbCommand (12ms) [Parameters=[], CommandType='"Text"', CommandTimeout='30']
SELECT DISTINCT [d].[Reg]
FROM [DemlandData] AS [d]
2025-04-01 20:18:12.050 -07:00 [INF] Executed DbCommand (3ms) [Parameters=[], CommandType='"Text"', CommandTimeout='30']
SELECT DISTINCT [d].[SchedID]
FROM [DemlandData] AS [d]
2025-04-01 20:18:12.077 -07:00 [INF] Executed DbCommand (21ms) [Parameters=[], CommandType='"Text"', CommandTimeout='30']
SELECT DISTINCT [d].[SecondaryTeachers]
FROM [DemlandData] AS [d]
2025-04-01 20:18:12.095 -07:00 [INF] Executed DbCommand (4ms) [Parameters=[], CommandType='"Text"', CommandTimeout='30']
SELECT DISTINCT [d].[ClassStart]
FROM [DemlandData] AS [d]
2025-04-01 20:18:12.107 -07:00 [INF] Executed DbCommand (3ms) [Parameters=[], CommandType='"Text"', CommandTimeout='30']
SELECT DISTINCT [d].[ClassEnd]
FROM [DemlandData] AS [d]
2025-04-01 20:18:12.120 -07:00 [INF] Executed DbCommand (5ms) [Parameters=[], CommandType='"Text"', CommandTimeout='30']
SELECT DISTINCT [d].[ClassSchedDescrip]
FROM [DemlandData] AS [d]
2025-04-01 20:18:12.132 -07:00 [INF] Executed DbCommand (1ms) [Parameters=[], CommandType='"Text"', CommandTimeout='30']
SELECT [d].[AgreementNumber], [d].[ClassEnd], [d].[ClassSchedDescrip], [d].[ClassStart], [d].[Course], [d].[Cr], [d].[Days], [d].[DeliveryMethod], [d].[Email], [d].[EndTime], [d].[Max], [d].[Reg], [d].[SchedID], [d].[SecondaryTeachers], [d].[Section], [d].[StartTime], [d].[TeacherDescrip]
FROM [DemlandData] AS [d]
2025-04-01 20:18:12.136 -07:00 [INF] Executed handler method OnGet, returned result .
2025-04-01 20:18:12.139 -07:00 [INF] Executing an implicit handler method - ModelState is "Valid"
2025-04-01 20:18:12.141 -07:00 [INF] Executed an implicit handler method, returned result Microsoft.AspNetCore.Mvc.RazorPages.PageResult.
2025-04-01 20:18:12.169 -07:00 [INF] Executed page /Filtering/FilterPage in 449.8518ms
2025-04-01 20:18:12.172 -07:00 [INF] Executed endpoint '/Filtering/FilterPage'
2025-04-01 20:18:12.174 -07:00 [INF] Request finished HTTP/1.1 GET http://localhost:5276/Filtering/FilterPage - 200 null text/html; charset=utf-8 502.0322ms
2025-04-01 20:18:12.192 -07:00 [INF] Request starting HTTP/1.1 GET http://localhost:5276/lib/bootstrap/dist/css/bootstrap.min.46ein0sx1k.css - null null
2025-04-01 20:18:12.199 -07:00 [INF] Request starting HTTP/1.1 GET http://localhost:5276/css/site.b9sayid5wm.css - null null
2025-04-01 20:18:12.199 -07:00 [INF] Request starting HTTP/1.1 GET http://localhost:5276/lib/jquery/dist/jquery.min.o1o13a6vjx.js - null null
2025-04-01 20:18:12.199 -07:00 [INF] Request starting HTTP/1.1 GET http://localhost:5276/demlandscheduling.egnucrccwx.styles.css - null null
2025-04-01 20:18:12.199 -07:00 [INF] Request starting HTTP/1.1 GET http://localhost:5276/lib/bootstrap/dist/js/bootstrap.bundle.min.493y06b0oq.js - null null
2025-04-01 20:18:12.199 -07:00 [INF] Request starting HTTP/1.1 GET http://localhost:5276/js/site.xtxxf3hu2r.js - null null
2025-04-01 20:18:12.201 -07:00 [INF] Executing endpoint 'Microsoft.AspNetCore.Routing.RouteEndpoint'
2025-04-01 20:18:12.205 -07:00 [INF] Executing endpoint 'Microsoft.AspNetCore.Routing.RouteEndpoint'
2025-04-01 20:18:12.209 -07:00 [INF] Executing endpoint 'Microsoft.AspNetCore.Routing.RouteEndpoint'
2025-04-01 20:18:12.212 -07:00 [INF] Sending file. Request path: 'demlandscheduling.egnucrccwx.styles.css'. Physical path: 'C:\Users\Mbarn\OneDrive\Desktop\ITT-490_Capstone\WebDev\demlandscheduling\obj\Debug\net9.0\compressed\80om1cz1x7-egnucrccwx.gz'
2025-04-01 20:18:12.218 -07:00 [INF] Executing endpoint 'Microsoft.AspNetCore.Routing.RouteEndpoint'
2025-04-01 20:18:12.221 -07:00 [INF] Executing endpoint 'Microsoft.AspNetCore.Routing.RouteEndpoint'
2025-04-01 20:18:12.223 -07:00 [INF] Sending file. Request path: 'lib/bootstrap/dist/css/bootstrap.min.46ein0sx1k.css'. Physical path: 'C:\Users\Mbarn\OneDrive\Desktop\ITT-490_Capstone\WebDev\demlandscheduling\obj\Debug\net9.0\compressed\meb6a3a7zm-46ein0sx1k.gz'
2025-04-01 20:18:12.224 -07:00 [INF] Sending file. Request path: 'css/site.b9sayid5wm.css'. Physical path: 'C:\Users\Mbarn\OneDrive\Desktop\ITT-490_Capstone\WebDev\demlandscheduling\obj\Debug\net9.0\compressed\0hihaubtt6-b9sayid5wm.gz'
2025-04-01 20:18:12.227 -07:00 [INF] Executed endpoint 'Microsoft.AspNetCore.Routing.RouteEndpoint'
2025-04-01 20:18:12.232 -07:00 [INF] Sending file. Request path: 'js/site.xtxxf3hu2r.js'. Physical path: 'C:\Users\Mbarn\OneDrive\Desktop\ITT-490_Capstone\WebDev\demlandscheduling\obj\Debug\net9.0\compressed\mjyoqukev6-xtxxf3hu2r.gz'
2025-04-01 20:18:12.235 -07:00 [INF] Executed endpoint 'Microsoft.AspNetCore.Routing.RouteEndpoint'
2025-04-01 20:18:12.236 -07:00 [INF] Sending file. Request path: 'lib/jquery/dist/jquery.min.o1o13a6vjx.js'. Physical path: 'C:\Users\Mbarn\OneDrive\Desktop\ITT-490_Capstone\WebDev\demlandscheduling\obj\Debug\net9.0\compressed\kdp67iu68t-o1o13a6vjx.gz'
2025-04-01 20:18:12.239 -07:00 [INF] Executed endpoint 'Microsoft.AspNetCore.Routing.RouteEndpoint'
2025-04-01 20:18:12.241 -07:00 [INF] Request finished HTTP/1.1 GET http://localhost:5276/demlandscheduling.egnucrccwx.styles.css - 200 1792 text/css 41.4309ms
2025-04-01 20:18:12.242 -07:00 [INF] Executed endpoint 'Microsoft.AspNetCore.Routing.RouteEndpoint'
2025-04-01 20:18:12.243 -07:00 [INF] Request finished HTTP/1.1 GET http://localhost:5276/lib/bootstrap/dist/css/bootstrap.min.46ein0sx1k.css - 200 232871 text/css 51.1613ms
2025-04-01 20:18:12.248 -07:00 [INF] Executed endpoint 'Microsoft.AspNetCore.Routing.RouteEndpoint'
2025-04-01 20:18:12.250 -07:00 [INF] Request finished HTTP/1.1 GET http://localhost:5276/css/site.b9sayid5wm.css - 200 700 text/css 51.1441ms
2025-04-01 20:18:12.255 -07:00 [INF] Request finished HTTP/1.1 GET http://localhost:5276/js/site.xtxxf3hu2r.js - 200 264 text/javascript 55.8275ms
2025-04-01 20:18:12.260 -07:00 [INF] Request finished HTTP/1.1 GET http://localhost:5276/lib/jquery/dist/jquery.min.o1o13a6vjx.js - 200 87576 text/javascript 60.6269ms
2025-04-01 20:18:12.285 -07:00 [INF] Executing endpoint 'Microsoft.AspNetCore.Routing.RouteEndpoint'
2025-04-01 20:18:12.289 -07:00 [INF] Sending file. Request path: 'lib/bootstrap/dist/js/bootstrap.bundle.min.493y06b0oq.js'. Physical path: 'C:\Users\Mbarn\OneDrive\Desktop\ITT-490_Capstone\WebDev\demlandscheduling\obj\Debug\net9.0\compressed\zl532ta6m0-493y06b0oq.gz'
2025-04-01 20:18:12.292 -07:00 [INF] Executed endpoint 'Microsoft.AspNetCore.Routing.RouteEndpoint'
2025-04-01 20:18:12.294 -07:00 [INF] Request finished HTTP/1.1 GET http://localhost:5276/lib/bootstrap/dist/js/bootstrap.bundle.min.493y06b0oq.js - 200 80764 text/javascript 94.8924ms
2025-04-01 20:18:32.658 -07:00 [INF] Request starting HTTP/1.1 GET http://localhost:5276/Filtering/FilterPage?Course=EEE-202&TeacherDescrip=Armando+Rodriguez&StartTime=&EndTime= - null null
2025-04-01 20:18:32.667 -07:00 [INF] Executing endpoint '/Filtering/FilterPage'
2025-04-01 20:18:32.669 -07:00 [INF] Route matched with {page = "/Filtering/FilterPage"}. Executing page /Filtering/FilterPage
2025-04-01 20:18:32.692 -07:00 [INF] Executing handler method demlandscheduling.Pages.Filtering.FilterPage.OnGet - ModelState is "Valid"
2025-04-01 20:18:32.696 -07:00 [INF] Filtering data with the filter values: Armando Rodriguez, EEE-202, 0, , 
2025-04-01 20:18:32.884 -07:00 [INF] Executed DbCommand (1ms) [Parameters=[], CommandType='"Text"', CommandTimeout='30']
SELECT DISTINCT [d].[Course]
FROM [DemlandData] AS [d]
2025-04-01 20:18:32.895 -07:00 [INF] Executed DbCommand (1ms) [Parameters=[], CommandType='"Text"', CommandTimeout='30']
SELECT DISTINCT [d].[TeacherDescrip]
FROM [DemlandData] AS [d]
2025-04-01 20:18:32.906 -07:00 [INF] Executed DbCommand (1ms) [Parameters=[], CommandType='"Text"', CommandTimeout='30']
SELECT DISTINCT [d].[StartTime]
FROM [DemlandData] AS [d]
2025-04-01 20:18:32.916 -07:00 [INF] Executed DbCommand (1ms) [Parameters=[], CommandType='"Text"', CommandTimeout='30']
SELECT DISTINCT [d].[EndTime]
FROM [DemlandData] AS [d]
2025-04-01 20:18:32.925 -07:00 [INF] Executed DbCommand (1ms) [Parameters=[], CommandType='"Text"', CommandTimeout='30']
SELECT DISTINCT [d].[Days]
FROM [DemlandData] AS [d]
2025-04-01 20:18:32.934 -07:00 [INF] Executed DbCommand (1ms) [Parameters=[], CommandType='"Text"', CommandTimeout='30']
SELECT DISTINCT [d].[DeliveryMethod]
FROM [DemlandData] AS [d]
2025-04-01 20:18:32.946 -07:00 [INF] Executed DbCommand (1ms) [Parameters=[], CommandType='"Text"', CommandTimeout='30']
SELECT DISTINCT [d].[Email]
FROM [DemlandData] AS [d]
2025-04-01 20:18:32.955 -07:00 [INF] Executed DbCommand (1ms) [Parameters=[], CommandType='"Text"', CommandTimeout='30']
SELECT DISTINCT [d].[Max]
FROM [DemlandData] AS [d]
2025-04-01 20:18:32.964 -07:00 [INF] Executed DbCommand (1ms) [Parameters=[], CommandType='"Text"', CommandTimeout='30']
SELECT DISTINCT [d].[Reg]
FROM [DemlandData] AS [d]
2025-04-01 20:18:32.974 -07:00 [INF] Executed DbCommand (1ms) [Parameters=[], CommandType='"Text"', CommandTimeout='30']
SELECT DISTINCT [d].[SchedID]
FROM [DemlandData] AS [d]
2025-04-01 20:18:32.983 -07:00 [INF] Executed DbCommand (1ms) [Parameters=[], CommandType='"Text"', CommandTimeout='30']
SELECT DISTINCT [d].[SecondaryTeachers]
FROM [DemlandData] AS [d]
2025-04-01 20:18:32.993 -07:00 [INF] Executed DbCommand (1ms) [Parameters=[], CommandType='"Text"', CommandTimeout='30']
SELECT DISTINCT [d].[ClassStart]
FROM [DemlandData] AS [d]
2025-04-01 20:18:33.003 -07:00 [INF] Executed DbCommand (1ms) [Parameters=[], CommandType='"Text"', CommandTimeout='30']
SELECT DISTINCT [d].[ClassEnd]
FROM [DemlandData] AS [d]
2025-04-01 20:18:33.013 -07:00 [INF] Executed DbCommand (1ms) [Parameters=[], CommandType='"Text"', CommandTimeout='30']
SELECT DISTINCT [d].[ClassSchedDescrip]
FROM [DemlandData] AS [d]
2025-04-01 20:18:33.292 -07:00 [INF] Executed DbCommand (92ms) [Parameters=[@__p_1='?' (Size = 4000), @__p_2='?' (Size = 4000)], CommandType='"Text"', CommandTimeout='30']
SELECT [d].[AgreementNumber], [d].[ClassEnd], [d].[ClassSchedDescrip], [d].[ClassStart], [d].[Course], [d].[Cr], [d].[Days], [d].[DeliveryMethod], [d].[Email], [d].[EndTime], [d].[Max], [d].[Reg], [d].[SchedID], [d].[SecondaryTeachers], [d].[Section], [d].[StartTime], [d].[TeacherDescrip]
FROM [DemlandData] AS [d]
WHERE [d].[Course] IS NOT NULL AND [d].[Course] LIKE @__p_1 AND [d].[TeacherDescrip] IS NOT NULL AND [d].[TeacherDescrip] LIKE @__p_2
2025-04-01 20:18:33.301 -07:00 [INF] Executed handler method OnGet, returned result .
2025-04-01 20:18:33.305 -07:00 [INF] Executing an implicit handler method - ModelState is "Valid"
2025-04-01 20:18:33.308 -07:00 [INF] Executed an implicit handler method, returned result Microsoft.AspNetCore.Mvc.RazorPages.PageResult.
2025-04-01 20:18:33.317 -07:00 [INF] Executed page /Filtering/FilterPage in 644.715ms
2025-04-01 20:18:33.319 -07:00 [INF] Executed endpoint '/Filtering/FilterPage'
2025-04-01 20:18:33.322 -07:00 [INF] Request finished HTTP/1.1 GET http://localhost:5276/Filtering/FilterPage?Course=EEE-202&TeacherDescrip=Armando+Rodriguez&StartTime=&EndTime= - 200 null text/html; charset=utf-8 664.1848ms
2025-04-01 20:18:33.343 -07:00 [INF] Request starting HTTP/1.1 GET http://localhost:5276/lib/bootstrap/dist/css/bootstrap.min.46ein0sx1k.css - null null
2025-04-01 20:18:33.348 -07:00 [INF] Executing endpoint 'Microsoft.AspNetCore.Routing.RouteEndpoint'
2025-04-01 20:18:33.349 -07:00 [INF] Request starting HTTP/1.1 GET http://localhost:5276/css/site.b9sayid5wm.css - null null
2025-04-01 20:18:33.349 -07:00 [INF] Request starting HTTP/1.1 GET http://localhost:5276/demlandscheduling.egnucrccwx.styles.css - null null
2025-04-01 20:18:33.351 -07:00 [INF] Request starting HTTP/1.1 GET http://localhost:5276/lib/jquery/dist/jquery.min.o1o13a6vjx.js - null null
2025-04-01 20:18:33.351 -07:00 [INF] Request starting HTTP/1.1 GET http://localhost:5276/js/site.xtxxf3hu2r.js - null null
2025-04-01 20:18:33.351 -07:00 [INF] Request starting HTTP/1.1 GET http://localhost:5276/lib/bootstrap/dist/js/bootstrap.bundle.min.493y06b0oq.js - null null
2025-04-01 20:18:33.355 -07:00 [INF] Executing endpoint 'Microsoft.AspNetCore.Routing.RouteEndpoint'
2025-04-01 20:18:33.356 -07:00 [INF] Sending file. Request path: 'lib/bootstrap/dist/css/bootstrap.min.46ein0sx1k.css'. Physical path: 'C:\Users\Mbarn\OneDrive\Desktop\ITT-490_Capstone\WebDev\demlandscheduling\obj\Debug\net9.0\compressed\meb6a3a7zm-46ein0sx1k.gz'
2025-04-01 20:18:33.358 -07:00 [INF] Executing endpoint 'Microsoft.AspNetCore.Routing.RouteEndpoint'
2025-04-01 20:18:33.363 -07:00 [INF] Executing endpoint 'Microsoft.AspNetCore.Routing.RouteEndpoint'
2025-04-01 20:18:33.368 -07:00 [INF] Executing endpoint 'Microsoft.AspNetCore.Routing.RouteEndpoint'
2025-04-01 20:18:33.370 -07:00 [INF] Executing endpoint 'Microsoft.AspNetCore.Routing.RouteEndpoint'
2025-04-01 20:18:33.374 -07:00 [INF] Executed endpoint 'Microsoft.AspNetCore.Routing.RouteEndpoint'
2025-04-01 20:18:33.374 -07:00 [INF] Sending file. Request path: 'css/site.b9sayid5wm.css'. Physical path: 'C:\Users\Mbarn\OneDrive\Desktop\ITT-490_Capstone\WebDev\demlandscheduling\obj\Debug\net9.0\compressed\0hihaubtt6-b9sayid5wm.gz'
2025-04-01 20:18:33.378 -07:00 [INF] Sending file. Request path: 'demlandscheduling.egnucrccwx.styles.css'. Physical path: 'C:\Users\Mbarn\OneDrive\Desktop\ITT-490_Capstone\WebDev\demlandscheduling\obj\Debug\net9.0\compressed\80om1cz1x7-egnucrccwx.gz'
2025-04-01 20:18:33.380 -07:00 [INF] Sending file. Request path: 'lib/jquery/dist/jquery.min.o1o13a6vjx.js'. Physical path: 'C:\Users\Mbarn\OneDrive\Desktop\ITT-490_Capstone\WebDev\demlandscheduling\obj\Debug\net9.0\compressed\kdp67iu68t-o1o13a6vjx.gz'
2025-04-01 20:18:33.380 -07:00 [INF] Sending file. Request path: 'js/site.xtxxf3hu2r.js'. Physical path: 'C:\Users\Mbarn\OneDrive\Desktop\ITT-490_Capstone\WebDev\demlandscheduling\obj\Debug\net9.0\compressed\mjyoqukev6-xtxxf3hu2r.gz'
2025-04-01 20:18:33.382 -07:00 [INF] Request finished HTTP/1.1 GET http://localhost:5276/lib/bootstrap/dist/css/bootstrap.min.46ein0sx1k.css - 200 232871 text/css 38.7596ms
2025-04-01 20:18:33.383 -07:00 [INF] Sending file. Request path: 'lib/bootstrap/dist/js/bootstrap.bundle.min.493y06b0oq.js'. Physical path: 'C:\Users\Mbarn\OneDrive\Desktop\ITT-490_Capstone\WebDev\demlandscheduling\obj\Debug\net9.0\compressed\zl532ta6m0-493y06b0oq.gz'
2025-04-01 20:18:33.385 -07:00 [INF] Executed endpoint 'Microsoft.AspNetCore.Routing.RouteEndpoint'
2025-04-01 20:18:33.389 -07:00 [INF] Executed endpoint 'Microsoft.AspNetCore.Routing.RouteEndpoint'
2025-04-01 20:18:33.391 -07:00 [INF] Executed endpoint 'Microsoft.AspNetCore.Routing.RouteEndpoint'
2025-04-01 20:18:33.393 -07:00 [INF] Executed endpoint 'Microsoft.AspNetCore.Routing.RouteEndpoint'
2025-04-01 20:18:33.400 -07:00 [INF] Executed endpoint 'Microsoft.AspNetCore.Routing.RouteEndpoint'
2025-04-01 20:18:33.403 -07:00 [INF] Request finished HTTP/1.1 GET http://localhost:5276/css/site.b9sayid5wm.css - 200 700 text/css 54.4312ms
2025-04-01 20:18:33.406 -07:00 [INF] Request finished HTTP/1.1 GET http://localhost:5276/demlandscheduling.egnucrccwx.styles.css - 200 1792 text/css 56.826ms
2025-04-01 20:18:33.409 -07:00 [INF] Request finished HTTP/1.1 GET http://localhost:5276/lib/jquery/dist/jquery.min.o1o13a6vjx.js - 200 87576 text/javascript 57.9732ms
2025-04-01 20:18:33.409 -07:00 [INF] Request finished HTTP/1.1 GET http://localhost:5276/js/site.xtxxf3hu2r.js - 200 264 text/javascript 58.5589ms
2025-04-01 20:18:33.411 -07:00 [INF] Request finished HTTP/1.1 GET http://localhost:5276/lib/bootstrap/dist/js/bootstrap.bundle.min.493y06b0oq.js - 200 80764 text/javascript 59.4826ms
2025-04-01 20:20:54.262 -07:00 [INF] Application is shutting down...
