2025-03-28 13:22:15.115 -07:00 [INF] User profile is available. Using 'C:\Users\Mbarn\AppData\Local\ASP.NET\DataProtection-Keys' as key repository and Windows DPAPI to encrypt keys at rest.
2025-03-28 13:22:15.354 -07:00 [INF] Now listening on: http://localhost:5276
2025-03-28 13:22:15.357 -07:00 [INF] Application started. Press Ctrl+C to shut down.
2025-03-28 13:22:15.360 -07:00 [INF] Hosting environment: Development
2025-03-28 13:22:15.361 -07:00 [INF] Content root path: C:\Users\Mbarn\OneDrive\Desktop\ITT-490_Capstone\WebDev\demlandscheduling
2025-03-28 13:22:17.461 -07:00 [INF] Request starting HTTP/1.1 GET http://localhost:5276/ - null null
2025-03-28 13:22:17.478 -07:00 [WRN] Failed to determine the https port for redirect.
2025-03-28 13:22:17.548 -07:00 [INF] Executing endpoint '/Index'
2025-03-28 13:22:17.589 -07:00 [INF] Route matched with {page = "/Index"}. Executing page /Index
2025-03-28 13:22:17.935 -07:00 [INF] Executing handler method demlandscheduling.Pages.Index.IndexModel.OnGetAsync - ModelState is "Valid"
2025-03-28 13:22:19.279 -07:00 [INF] Executed DbCommand (70ms) [Parameters=[], CommandType='"Text"', CommandTimeout='30']
SELECT [d].[AgreementNumber], [d].[ClassEnd], [d].[ClassSchedDescrip], [d].[ClassStart], [d].[Course], [d].[Cr], [d].[Days], [d].[DeliveryMethod], [d].[Email], [d].[EndTime], [d].[Max], [d].[Reg], [d].[SchedID], [d].[SecondaryTeachers], [d].[Section], [d].[StartTime], [d].[TeacherDescrip]
FROM [DemlandData] AS [d]
2025-03-28 13:22:19.305 -07:00 [INF] Executed handler method OnGetAsync, returned result .
2025-03-28 13:22:19.311 -07:00 [INF] Executing an implicit handler method - ModelState is "Valid"
2025-03-28 13:22:19.315 -07:00 [INF] Executed an implicit handler method, returned result Microsoft.AspNetCore.Mvc.RazorPages.PageResult.
2025-03-28 13:22:19.392 -07:00 [INF] Executed page /Index in 1798.9746ms
2025-03-28 13:22:19.399 -07:00 [INF] Executed endpoint '/Index'
2025-03-28 13:22:19.412 -07:00 [INF] Request finished HTTP/1.1 GET http://localhost:5276/ - 200 null text/html; charset=utf-8 1953.7871ms
2025-03-28 13:22:19.418 -07:00 [INF] Request starting HTTP/1.1 GET http://localhost:5276/demlandscheduling.egnucrccwx.styles.css - null null
2025-03-28 13:22:19.418 -07:00 [INF] Request starting HTTP/1.1 GET http://localhost:5276/lib/bootstrap/dist/css/bootstrap.min.46ein0sx1k.css - null null
2025-03-28 13:22:19.418 -07:00 [INF] Request starting HTTP/1.1 GET http://localhost:5276/css/site.b9sayid5wm.css - null null
2025-03-28 13:22:19.420 -07:00 [INF] Request starting HTTP/1.1 GET http://localhost:5276/lib/jquery/dist/jquery.min.o1o13a6vjx.js - null null
2025-03-28 13:22:19.420 -07:00 [INF] Request starting HTTP/1.1 GET http://localhost:5276/js/site.xtxxf3hu2r.js - null null
2025-03-28 13:22:19.421 -07:00 [INF] Request starting HTTP/1.1 GET http://localhost:5276/lib/bootstrap/dist/js/bootstrap.bundle.min.493y06b0oq.js - null null
2025-03-28 13:22:19.429 -07:00 [INF] Executing endpoint 'Microsoft.AspNetCore.Routing.RouteEndpoint'
2025-03-28 13:22:19.429 -07:00 [INF] Executing endpoint 'Microsoft.AspNetCore.Routing.RouteEndpoint'
2025-03-28 13:22:19.430 -07:00 [INF] Executing endpoint 'Microsoft.AspNetCore.Routing.RouteEndpoint'
2025-03-28 13:22:19.431 -07:00 [INF] Executing endpoint 'Microsoft.AspNetCore.Routing.RouteEndpoint'
2025-03-28 13:22:19.440 -07:00 [INF] Executing endpoint 'Microsoft.AspNetCore.Routing.RouteEndpoint'
2025-03-28 13:22:19.443 -07:00 [INF] Executing endpoint 'Microsoft.AspNetCore.Routing.RouteEndpoint'
2025-03-28 13:22:19.456 -07:00 [INF] Sending file. Request path: 'demlandscheduling.egnucrccwx.styles.css'. Physical path: 'C:\Users\Mbarn\OneDrive\Desktop\ITT-490_Capstone\WebDev\demlandscheduling\obj\Debug\net9.0\compressed\80om1cz1x7-egnucrccwx.gz'
2025-03-28 13:22:19.456 -07:00 [INF] Sending file. Request path: 'css/site.b9sayid5wm.css'. Physical path: 'C:\Users\Mbarn\OneDrive\Desktop\ITT-490_Capstone\WebDev\demlandscheduling\obj\Debug\net9.0\compressed\0hihaubtt6-b9sayid5wm.gz'
2025-03-28 13:22:19.457 -07:00 [INF] Sending file. Request path: 'js/site.xtxxf3hu2r.js'. Physical path: 'C:\Users\Mbarn\OneDrive\Desktop\ITT-490_Capstone\WebDev\demlandscheduling\obj\Debug\net9.0\compressed\mjyoqukev6-xtxxf3hu2r.gz'
2025-03-28 13:22:19.458 -07:00 [INF] Executed endpoint 'Microsoft.AspNetCore.Routing.RouteEndpoint'
2025-03-28 13:22:19.460 -07:00 [INF] Executed endpoint 'Microsoft.AspNetCore.Routing.RouteEndpoint'
2025-03-28 13:22:19.462 -07:00 [INF] Sending file. Request path: 'lib/bootstrap/dist/js/bootstrap.bundle.min.493y06b0oq.js'. Physical path: 'C:\Users\Mbarn\OneDrive\Desktop\ITT-490_Capstone\WebDev\demlandscheduling\obj\Debug\net9.0\compressed\zl532ta6m0-493y06b0oq.gz'
2025-03-28 13:22:19.462 -07:00 [INF] Sending file. Request path: 'lib/bootstrap/dist/css/bootstrap.min.46ein0sx1k.css'. Physical path: 'C:\Users\Mbarn\OneDrive\Desktop\ITT-490_Capstone\WebDev\demlandscheduling\obj\Debug\net9.0\compressed\meb6a3a7zm-46ein0sx1k.gz'
2025-03-28 13:22:19.462 -07:00 [INF] Sending file. Request path: 'lib/jquery/dist/jquery.min.o1o13a6vjx.js'. Physical path: 'C:\Users\Mbarn\OneDrive\Desktop\ITT-490_Capstone\WebDev\demlandscheduling\obj\Debug\net9.0\compressed\kdp67iu68t-o1o13a6vjx.gz'
2025-03-28 13:22:19.462 -07:00 [INF] Executed endpoint 'Microsoft.AspNetCore.Routing.RouteEndpoint'
2025-03-28 13:22:19.464 -07:00 [INF] Request finished HTTP/1.1 GET http://localhost:5276/demlandscheduling.egnucrccwx.styles.css - 200 1792 text/css 45.9523ms
2025-03-28 13:22:19.468 -07:00 [INF] Executed endpoint 'Microsoft.AspNetCore.Routing.RouteEndpoint'
2025-03-28 13:22:19.469 -07:00 [INF] Executed endpoint 'Microsoft.AspNetCore.Routing.RouteEndpoint'
2025-03-28 13:22:19.471 -07:00 [INF] Executed endpoint 'Microsoft.AspNetCore.Routing.RouteEndpoint'
2025-03-28 13:22:19.473 -07:00 [INF] Request finished HTTP/1.1 GET http://localhost:5276/lib/jquery/dist/jquery.min.o1o13a6vjx.js - 200 87576 text/javascript 52.6422ms
2025-03-28 13:22:19.474 -07:00 [INF] Request finished HTTP/1.1 GET http://localhost:5276/css/site.b9sayid5wm.css - 200 700 text/css 55.7625ms
2025-03-28 13:22:19.476 -07:00 [INF] Request finished HTTP/1.1 GET http://localhost:5276/lib/bootstrap/dist/js/bootstrap.bundle.min.493y06b0oq.js - 200 80764 text/javascript 54.7434ms
2025-03-28 13:22:19.477 -07:00 [INF] Request finished HTTP/1.1 GET http://localhost:5276/lib/bootstrap/dist/css/bootstrap.min.46ein0sx1k.css - 200 232871 text/css 58.4129ms
2025-03-28 13:22:19.477 -07:00 [INF] Request finished HTTP/1.1 GET http://localhost:5276/js/site.xtxxf3hu2r.js - 200 264 text/javascript 57.1744ms
2025-03-28 13:22:21.438 -07:00 [INF] Request starting HTTP/1.1 GET http://localhost:5276/Filtering/FilterPage - null null
2025-03-28 13:22:21.444 -07:00 [INF] Executing endpoint '/Filtering/FilterPage'
2025-03-28 13:22:21.473 -07:00 [INF] Route matched with {page = "/Filtering/FilterPage"}. Executing page /Filtering/FilterPage
2025-03-28 13:22:21.487 -07:00 [INF] Executing handler method demlandscheduling.Pages.Filtering.FilterPage.OnGet - ModelState is "Valid"
2025-03-28 13:22:21.494 -07:00 [INF] Filtering data with the filter values: , , 0, , 
2025-03-28 13:22:21.624 -07:00 [INF] Executed DbCommand (8ms) [Parameters=[], CommandType='"Text"', CommandTimeout='30']
SELECT DISTINCT [d].[Course]
FROM [DemlandData] AS [d]
2025-03-28 13:22:21.637 -07:00 [INF] Executed DbCommand (5ms) [Parameters=[], CommandType='"Text"', CommandTimeout='30']
SELECT DISTINCT [d].[TeacherDescrip]
FROM [DemlandData] AS [d]
2025-03-28 13:22:21.650 -07:00 [INF] Executed DbCommand (4ms) [Parameters=[], CommandType='"Text"', CommandTimeout='30']
SELECT DISTINCT [d].[StartTime]
FROM [DemlandData] AS [d]
2025-03-28 13:22:21.661 -07:00 [INF] Executed DbCommand (3ms) [Parameters=[], CommandType='"Text"', CommandTimeout='30']
SELECT DISTINCT [d].[EndTime]
FROM [DemlandData] AS [d]
2025-03-28 13:22:21.673 -07:00 [INF] Executed DbCommand (3ms) [Parameters=[], CommandType='"Text"', CommandTimeout='30']
SELECT DISTINCT [d].[Days]
FROM [DemlandData] AS [d]
2025-03-28 13:22:21.683 -07:00 [INF] Executed DbCommand (4ms) [Parameters=[], CommandType='"Text"', CommandTimeout='30']
SELECT DISTINCT [d].[DeliveryMethod]
FROM [DemlandData] AS [d]
2025-03-28 13:22:21.692 -07:00 [INF] Executed DbCommand (3ms) [Parameters=[], CommandType='"Text"', CommandTimeout='30']
SELECT DISTINCT [d].[Email]
FROM [DemlandData] AS [d]
2025-03-28 13:22:21.708 -07:00 [INF] Executed DbCommand (3ms) [Parameters=[], CommandType='"Text"', CommandTimeout='30']
SELECT DISTINCT [d].[Max]
FROM [DemlandData] AS [d]
2025-03-28 13:22:21.721 -07:00 [INF] Executed DbCommand (5ms) [Parameters=[], CommandType='"Text"', CommandTimeout='30']
SELECT DISTINCT [d].[Reg]
FROM [DemlandData] AS [d]
2025-03-28 13:22:21.731 -07:00 [INF] Executed DbCommand (4ms) [Parameters=[], CommandType='"Text"', CommandTimeout='30']
SELECT DISTINCT [d].[SchedID]
FROM [DemlandData] AS [d]
2025-03-28 13:22:21.741 -07:00 [INF] Executed DbCommand (4ms) [Parameters=[], CommandType='"Text"', CommandTimeout='30']
SELECT DISTINCT [d].[SecondaryTeachers]
FROM [DemlandData] AS [d]
2025-03-28 13:22:21.755 -07:00 [INF] Executed DbCommand (3ms) [Parameters=[], CommandType='"Text"', CommandTimeout='30']
SELECT DISTINCT [d].[ClassStart]
FROM [DemlandData] AS [d]
2025-03-28 13:22:21.764 -07:00 [INF] Executed DbCommand (3ms) [Parameters=[], CommandType='"Text"', CommandTimeout='30']
SELECT DISTINCT [d].[ClassEnd]
FROM [DemlandData] AS [d]
2025-03-28 13:22:21.775 -07:00 [INF] Executed DbCommand (3ms) [Parameters=[], CommandType='"Text"', CommandTimeout='30']
SELECT DISTINCT [d].[ClassSchedDescrip]
FROM [DemlandData] AS [d]
2025-03-28 13:22:21.790 -07:00 [INF] Executed DbCommand (1ms) [Parameters=[], CommandType='"Text"', CommandTimeout='30']
SELECT [d].[AgreementNumber], [d].[ClassEnd], [d].[ClassSchedDescrip], [d].[ClassStart], [d].[Course], [d].[Cr], [d].[Days], [d].[DeliveryMethod], [d].[Email], [d].[EndTime], [d].[Max], [d].[Reg], [d].[SchedID], [d].[SecondaryTeachers], [d].[Section], [d].[StartTime], [d].[TeacherDescrip]
FROM [DemlandData] AS [d]
2025-03-28 13:22:21.794 -07:00 [INF] Executed handler method OnGet, returned result .
2025-03-28 13:22:21.796 -07:00 [INF] Executing an implicit handler method - ModelState is "Valid"
2025-03-28 13:22:21.797 -07:00 [INF] Executed an implicit handler method, returned result Microsoft.AspNetCore.Mvc.RazorPages.PageResult.
2025-03-28 13:22:21.818 -07:00 [INF] Executed page /Filtering/FilterPage in 343.689ms
2025-03-28 13:22:21.819 -07:00 [INF] Executed endpoint '/Filtering/FilterPage'
2025-03-28 13:22:21.821 -07:00 [INF] Request finished HTTP/1.1 GET http://localhost:5276/Filtering/FilterPage - 200 null text/html; charset=utf-8 382.7138ms
2025-03-28 13:22:21.852 -07:00 [INF] Request starting HTTP/1.1 GET http://localhost:5276/css/site.b9sayid5wm.css - null null
2025-03-28 13:22:21.852 -07:00 [INF] Request starting HTTP/1.1 GET http://localhost:5276/lib/bootstrap/dist/css/bootstrap.min.46ein0sx1k.css - null null
2025-03-28 13:22:21.853 -07:00 [INF] Request starting HTTP/1.1 GET http://localhost:5276/demlandscheduling.egnucrccwx.styles.css - null null
2025-03-28 13:22:21.853 -07:00 [INF] Request starting HTTP/1.1 GET http://localhost:5276/lib/jquery/dist/jquery.min.o1o13a6vjx.js - null null
2025-03-28 13:22:21.853 -07:00 [INF] Request starting HTTP/1.1 GET http://localhost:5276/lib/bootstrap/dist/js/bootstrap.bundle.min.493y06b0oq.js - null null
2025-03-28 13:22:21.853 -07:00 [INF] Request starting HTTP/1.1 GET http://localhost:5276/js/site.xtxxf3hu2r.js - null null
2025-03-28 13:22:21.859 -07:00 [INF] Executing endpoint 'Microsoft.AspNetCore.Routing.RouteEndpoint'
2025-03-28 13:22:21.860 -07:00 [INF] Executing endpoint 'Microsoft.AspNetCore.Routing.RouteEndpoint'
2025-03-28 13:22:21.862 -07:00 [INF] Sending file. Request path: 'css/site.b9sayid5wm.css'. Physical path: 'C:\Users\Mbarn\OneDrive\Desktop\ITT-490_Capstone\WebDev\demlandscheduling\obj\Debug\net9.0\compressed\0hihaubtt6-b9sayid5wm.gz'
2025-03-28 13:22:21.863 -07:00 [INF] Sending file. Request path: 'lib/bootstrap/dist/css/bootstrap.min.46ein0sx1k.css'. Physical path: 'C:\Users\Mbarn\OneDrive\Desktop\ITT-490_Capstone\WebDev\demlandscheduling\obj\Debug\net9.0\compressed\meb6a3a7zm-46ein0sx1k.gz'
2025-03-28 13:22:21.868 -07:00 [INF] Executed endpoint 'Microsoft.AspNetCore.Routing.RouteEndpoint'
2025-03-28 13:22:21.870 -07:00 [INF] Request finished HTTP/1.1 GET http://localhost:5276/css/site.b9sayid5wm.css - 200 700 text/css 17.3304ms
2025-03-28 13:22:21.878 -07:00 [INF] Executing endpoint 'Microsoft.AspNetCore.Routing.RouteEndpoint'
2025-03-28 13:22:21.885 -07:00 [INF] Executing endpoint 'Microsoft.AspNetCore.Routing.RouteEndpoint'
2025-03-28 13:22:21.886 -07:00 [INF] Executed endpoint 'Microsoft.AspNetCore.Routing.RouteEndpoint'
2025-03-28 13:22:21.887 -07:00 [INF] Request finished HTTP/1.1 GET http://localhost:5276/lib/bootstrap/dist/css/bootstrap.min.46ein0sx1k.css - 200 232871 text/css 35.0864ms
2025-03-28 13:22:21.909 -07:00 [INF] Sending file. Request path: 'js/site.xtxxf3hu2r.js'. Physical path: 'C:\Users\Mbarn\OneDrive\Desktop\ITT-490_Capstone\WebDev\demlandscheduling\obj\Debug\net9.0\compressed\mjyoqukev6-xtxxf3hu2r.gz'
2025-03-28 13:22:21.910 -07:00 [INF] Executed endpoint 'Microsoft.AspNetCore.Routing.RouteEndpoint'
2025-03-28 13:22:21.911 -07:00 [INF] Request finished HTTP/1.1 GET http://localhost:5276/js/site.xtxxf3hu2r.js - 200 264 text/javascript 57.9918ms
2025-03-28 13:22:21.914 -07:00 [INF] Executing endpoint 'Microsoft.AspNetCore.Routing.RouteEndpoint'
2025-03-28 13:22:21.923 -07:00 [INF] Sending file. Request path: 'lib/jquery/dist/jquery.min.o1o13a6vjx.js'. Physical path: 'C:\Users\Mbarn\OneDrive\Desktop\ITT-490_Capstone\WebDev\demlandscheduling\obj\Debug\net9.0\compressed\kdp67iu68t-o1o13a6vjx.gz'
2025-03-28 13:22:21.926 -07:00 [INF] Sending file. Request path: 'demlandscheduling.egnucrccwx.styles.css'. Physical path: 'C:\Users\Mbarn\OneDrive\Desktop\ITT-490_Capstone\WebDev\demlandscheduling\obj\Debug\net9.0\compressed\80om1cz1x7-egnucrccwx.gz'
2025-03-28 13:22:21.927 -07:00 [INF] Executed endpoint 'Microsoft.AspNetCore.Routing.RouteEndpoint'
2025-03-28 13:22:21.932 -07:00 [INF] Executing endpoint 'Microsoft.AspNetCore.Routing.RouteEndpoint'
2025-03-28 13:22:21.936 -07:00 [INF] Executed endpoint 'Microsoft.AspNetCore.Routing.RouteEndpoint'
2025-03-28 13:22:21.938 -07:00 [INF] Request finished HTTP/1.1 GET http://localhost:5276/lib/jquery/dist/jquery.min.o1o13a6vjx.js - 200 87576 text/javascript 84.9515ms
2025-03-28 13:22:21.941 -07:00 [INF] Request finished HTTP/1.1 GET http://localhost:5276/demlandscheduling.egnucrccwx.styles.css - 200 1792 text/css 87.8364ms
2025-03-28 13:22:21.941 -07:00 [INF] Sending file. Request path: 'lib/bootstrap/dist/js/bootstrap.bundle.min.493y06b0oq.js'. Physical path: 'C:\Users\Mbarn\OneDrive\Desktop\ITT-490_Capstone\WebDev\demlandscheduling\obj\Debug\net9.0\compressed\zl532ta6m0-493y06b0oq.gz'
2025-03-28 13:22:21.954 -07:00 [INF] Executed endpoint 'Microsoft.AspNetCore.Routing.RouteEndpoint'
2025-03-28 13:22:21.956 -07:00 [INF] Request finished HTTP/1.1 GET http://localhost:5276/lib/bootstrap/dist/js/bootstrap.bundle.min.493y06b0oq.js - 200 80764 text/javascript 102.7364ms
2025-03-28 13:23:15.293 -07:00 [INF] Request starting HTTP/1.1 GET http://localhost:5276/Filtering/FilterPage?Course=EEE-202&TeacherDescrip=Armando+Rodriguez&StartTime=&EndTime= - null null
2025-03-28 13:23:15.299 -07:00 [INF] Executing endpoint '/Filtering/FilterPage'
2025-03-28 13:23:15.301 -07:00 [INF] Route matched with {page = "/Filtering/FilterPage"}. Executing page /Filtering/FilterPage
2025-03-28 13:23:15.321 -07:00 [INF] Executing handler method demlandscheduling.Pages.Filtering.FilterPage.OnGet - ModelState is "Valid"
2025-03-28 13:23:15.326 -07:00 [INF] Filtering data with the filter values: Armando Rodriguez, EEE-202, 0, , 
2025-03-28 13:23:15.508 -07:00 [INF] Executed DbCommand (20ms) [Parameters=[], CommandType='"Text"', CommandTimeout='30']
SELECT DISTINCT [d].[Course]
FROM [DemlandData] AS [d]
2025-03-28 13:23:15.521 -07:00 [INF] Executed DbCommand (4ms) [Parameters=[], CommandType='"Text"', CommandTimeout='30']
SELECT DISTINCT [d].[TeacherDescrip]
FROM [DemlandData] AS [d]
2025-03-28 13:23:15.532 -07:00 [INF] Executed DbCommand (3ms) [Parameters=[], CommandType='"Text"', CommandTimeout='30']
SELECT DISTINCT [d].[StartTime]
FROM [DemlandData] AS [d]
2025-03-28 13:23:15.542 -07:00 [INF] Executed DbCommand (4ms) [Parameters=[], CommandType='"Text"', CommandTimeout='30']
SELECT DISTINCT [d].[EndTime]
FROM [DemlandData] AS [d]
2025-03-28 13:23:15.557 -07:00 [INF] Executed DbCommand (5ms) [Parameters=[], CommandType='"Text"', CommandTimeout='30']
SELECT DISTINCT [d].[Days]
FROM [DemlandData] AS [d]
2025-03-28 13:23:15.569 -07:00 [INF] Executed DbCommand (4ms) [Parameters=[], CommandType='"Text"', CommandTimeout='30']
SELECT DISTINCT [d].[DeliveryMethod]
FROM [DemlandData] AS [d]
2025-03-28 13:23:15.581 -07:00 [INF] Executed DbCommand (4ms) [Parameters=[], CommandType='"Text"', CommandTimeout='30']
SELECT DISTINCT [d].[Email]
FROM [DemlandData] AS [d]
2025-03-28 13:23:15.593 -07:00 [INF] Executed DbCommand (4ms) [Parameters=[], CommandType='"Text"', CommandTimeout='30']
SELECT DISTINCT [d].[Max]
FROM [DemlandData] AS [d]
2025-03-28 13:23:15.605 -07:00 [INF] Executed DbCommand (4ms) [Parameters=[], CommandType='"Text"', CommandTimeout='30']
SELECT DISTINCT [d].[Reg]
FROM [DemlandData] AS [d]
2025-03-28 13:23:15.617 -07:00 [INF] Executed DbCommand (4ms) [Parameters=[], CommandType='"Text"', CommandTimeout='30']
SELECT DISTINCT [d].[SchedID]
FROM [DemlandData] AS [d]
2025-03-28 13:23:15.630 -07:00 [INF] Executed DbCommand (4ms) [Parameters=[], CommandType='"Text"', CommandTimeout='30']
SELECT DISTINCT [d].[SecondaryTeachers]
FROM [DemlandData] AS [d]
2025-03-28 13:23:15.642 -07:00 [INF] Executed DbCommand (3ms) [Parameters=[], CommandType='"Text"', CommandTimeout='30']
SELECT DISTINCT [d].[ClassStart]
FROM [DemlandData] AS [d]
2025-03-28 13:23:15.657 -07:00 [INF] Executed DbCommand (4ms) [Parameters=[], CommandType='"Text"', CommandTimeout='30']
SELECT DISTINCT [d].[ClassEnd]
FROM [DemlandData] AS [d]
2025-03-28 13:23:15.673 -07:00 [INF] Executed DbCommand (5ms) [Parameters=[], CommandType='"Text"', CommandTimeout='30']
SELECT DISTINCT [d].[ClassSchedDescrip]
FROM [DemlandData] AS [d]
2025-03-28 13:23:15.931 -07:00 [INF] Executed DbCommand (84ms) [Parameters=[@__p_1='?' (Size = 4000), @__p_2='?' (Size = 4000)], CommandType='"Text"', CommandTimeout='30']
SELECT [d].[AgreementNumber], [d].[ClassEnd], [d].[ClassSchedDescrip], [d].[ClassStart], [d].[Course], [d].[Cr], [d].[Days], [d].[DeliveryMethod], [d].[Email], [d].[EndTime], [d].[Max], [d].[Reg], [d].[SchedID], [d].[SecondaryTeachers], [d].[Section], [d].[StartTime], [d].[TeacherDescrip]
FROM [DemlandData] AS [d]
WHERE [d].[Course] IS NOT NULL AND [d].[Course] LIKE @__p_1 AND [d].[TeacherDescrip] IS NOT NULL AND [d].[TeacherDescrip] LIKE @__p_2
2025-03-28 13:23:15.942 -07:00 [INF] Executed handler method OnGet, returned result .
2025-03-28 13:23:15.948 -07:00 [INF] Executing an implicit handler method - ModelState is "Valid"
2025-03-28 13:23:15.952 -07:00 [INF] Executed an implicit handler method, returned result Microsoft.AspNetCore.Mvc.RazorPages.PageResult.
2025-03-28 13:23:15.960 -07:00 [INF] Executed page /Filtering/FilterPage in 656.6233ms
2025-03-28 13:23:15.963 -07:00 [INF] Executed endpoint '/Filtering/FilterPage'
2025-03-28 13:23:15.965 -07:00 [INF] Request finished HTTP/1.1 GET http://localhost:5276/Filtering/FilterPage?Course=EEE-202&TeacherDescrip=Armando+Rodriguez&StartTime=&EndTime= - 200 null text/html; charset=utf-8 672.4069ms
2025-03-28 13:23:15.983 -07:00 [INF] Request starting HTTP/1.1 GET http://localhost:5276/lib/bootstrap/dist/css/bootstrap.min.46ein0sx1k.css - null null
2025-03-28 13:23:15.988 -07:00 [INF] Executing endpoint 'Microsoft.AspNetCore.Routing.RouteEndpoint'
2025-03-28 13:23:15.988 -07:00 [INF] Request starting HTTP/1.1 GET http://localhost:5276/css/site.b9sayid5wm.css - null null
2025-03-28 13:23:15.988 -07:00 [INF] Request starting HTTP/1.1 GET http://localhost:5276/demlandscheduling.egnucrccwx.styles.css - null null
2025-03-28 13:23:15.989 -07:00 [INF] Request starting HTTP/1.1 GET http://localhost:5276/lib/jquery/dist/jquery.min.o1o13a6vjx.js - null null
2025-03-28 13:23:15.990 -07:00 [INF] Request starting HTTP/1.1 GET http://localhost:5276/lib/bootstrap/dist/js/bootstrap.bundle.min.493y06b0oq.js - null null
2025-03-28 13:23:15.990 -07:00 [INF] Request starting HTTP/1.1 GET http://localhost:5276/js/site.xtxxf3hu2r.js - null null
2025-03-28 13:23:15.997 -07:00 [INF] Executing endpoint 'Microsoft.AspNetCore.Routing.RouteEndpoint'
2025-03-28 13:23:15.998 -07:00 [INF] Sending file. Request path: 'lib/bootstrap/dist/css/bootstrap.min.46ein0sx1k.css'. Physical path: 'C:\Users\Mbarn\OneDrive\Desktop\ITT-490_Capstone\WebDev\demlandscheduling\obj\Debug\net9.0\compressed\meb6a3a7zm-46ein0sx1k.gz'
2025-03-28 13:23:16.001 -07:00 [INF] Executing endpoint 'Microsoft.AspNetCore.Routing.RouteEndpoint'
2025-03-28 13:23:16.008 -07:00 [INF] Executing endpoint 'Microsoft.AspNetCore.Routing.RouteEndpoint'
2025-03-28 13:23:16.011 -07:00 [INF] Executing endpoint 'Microsoft.AspNetCore.Routing.RouteEndpoint'
2025-03-28 13:23:16.014 -07:00 [INF] Executing endpoint 'Microsoft.AspNetCore.Routing.RouteEndpoint'
2025-03-28 13:23:16.017 -07:00 [INF] Sending file. Request path: 'css/site.b9sayid5wm.css'. Physical path: 'C:\Users\Mbarn\OneDrive\Desktop\ITT-490_Capstone\WebDev\demlandscheduling\obj\Debug\net9.0\compressed\0hihaubtt6-b9sayid5wm.gz'
2025-03-28 13:23:16.018 -07:00 [INF] Executed endpoint 'Microsoft.AspNetCore.Routing.RouteEndpoint'
2025-03-28 13:23:16.024 -07:00 [INF] Sending file. Request path: 'demlandscheduling.egnucrccwx.styles.css'. Physical path: 'C:\Users\Mbarn\OneDrive\Desktop\ITT-490_Capstone\WebDev\demlandscheduling\obj\Debug\net9.0\compressed\80om1cz1x7-egnucrccwx.gz'
2025-03-28 13:23:16.027 -07:00 [INF] Sending file. Request path: 'lib/jquery/dist/jquery.min.o1o13a6vjx.js'. Physical path: 'C:\Users\Mbarn\OneDrive\Desktop\ITT-490_Capstone\WebDev\demlandscheduling\obj\Debug\net9.0\compressed\kdp67iu68t-o1o13a6vjx.gz'
2025-03-28 13:23:16.030 -07:00 [INF] Sending file. Request path: 'lib/bootstrap/dist/js/bootstrap.bundle.min.493y06b0oq.js'. Physical path: 'C:\Users\Mbarn\OneDrive\Desktop\ITT-490_Capstone\WebDev\demlandscheduling\obj\Debug\net9.0\compressed\zl532ta6m0-493y06b0oq.gz'
2025-03-28 13:23:16.031 -07:00 [INF] Sending file. Request path: 'js/site.xtxxf3hu2r.js'. Physical path: 'C:\Users\Mbarn\OneDrive\Desktop\ITT-490_Capstone\WebDev\demlandscheduling\obj\Debug\net9.0\compressed\mjyoqukev6-xtxxf3hu2r.gz'
2025-03-28 13:23:16.033 -07:00 [INF] Executed endpoint 'Microsoft.AspNetCore.Routing.RouteEndpoint'
2025-03-28 13:23:16.035 -07:00 [INF] Request finished HTTP/1.1 GET http://localhost:5276/lib/bootstrap/dist/css/bootstrap.min.46ein0sx1k.css - 200 232871 text/css 52.0335ms
2025-03-28 13:23:16.039 -07:00 [INF] Executed endpoint 'Microsoft.AspNetCore.Routing.RouteEndpoint'
2025-03-28 13:23:16.041 -07:00 [INF] Executed endpoint 'Microsoft.AspNetCore.Routing.RouteEndpoint'
2025-03-28 13:23:16.044 -07:00 [INF] Executed endpoint 'Microsoft.AspNetCore.Routing.RouteEndpoint'
2025-03-28 13:23:16.048 -07:00 [INF] Executed endpoint 'Microsoft.AspNetCore.Routing.RouteEndpoint'
2025-03-28 13:23:16.050 -07:00 [INF] Request finished HTTP/1.1 GET http://localhost:5276/css/site.b9sayid5wm.css - 200 700 text/css 62.1851ms
2025-03-28 13:23:16.061 -07:00 [INF] Request finished HTTP/1.1 GET http://localhost:5276/demlandscheduling.egnucrccwx.styles.css - 200 1792 text/css 72.1308ms
2025-03-28 13:23:16.063 -07:00 [INF] Request finished HTTP/1.1 GET http://localhost:5276/lib/jquery/dist/jquery.min.o1o13a6vjx.js - 200 87576 text/javascript 74.192ms
2025-03-28 13:23:16.067 -07:00 [INF] Request finished HTTP/1.1 GET http://localhost:5276/lib/bootstrap/dist/js/bootstrap.bundle.min.493y06b0oq.js - 200 80764 text/javascript 77.1818ms
2025-03-28 13:23:16.069 -07:00 [INF] Request finished HTTP/1.1 GET http://localhost:5276/js/site.xtxxf3hu2r.js - 200 264 text/javascript 79.4374ms
2025-03-28 13:24:57.732 -07:00 [INF] Request starting HTTP/1.1 GET http://localhost:5276/Filtering/FilterPage?Course=EEE-320&TeacherDescrip=Michael+Awaah&StartTime=&EndTime= - null null
2025-03-28 13:24:57.738 -07:00 [INF] Executing endpoint '/Filtering/FilterPage'
2025-03-28 13:24:57.740 -07:00 [INF] Route matched with {page = "/Filtering/FilterPage"}. Executing page /Filtering/FilterPage
2025-03-28 13:24:57.745 -07:00 [INF] Executing handler method demlandscheduling.Pages.Filtering.FilterPage.OnGet - ModelState is "Valid"
2025-03-28 13:24:57.750 -07:00 [INF] Filtering data with the filter values: Michael Awaah, EEE-320, 0, , 
2025-03-28 13:24:57.770 -07:00 [INF] Executed DbCommand (16ms) [Parameters=[], CommandType='"Text"', CommandTimeout='30']
SELECT DISTINCT [d].[Course]
FROM [DemlandData] AS [d]
2025-03-28 13:24:57.782 -07:00 [INF] Executed DbCommand (5ms) [Parameters=[], CommandType='"Text"', CommandTimeout='30']
SELECT DISTINCT [d].[TeacherDescrip]
FROM [DemlandData] AS [d]
2025-03-28 13:24:57.797 -07:00 [INF] Executed DbCommand (4ms) [Parameters=[], CommandType='"Text"', CommandTimeout='30']
SELECT DISTINCT [d].[StartTime]
FROM [DemlandData] AS [d]
2025-03-28 13:24:57.808 -07:00 [INF] Executed DbCommand (4ms) [Parameters=[], CommandType='"Text"', CommandTimeout='30']
SELECT DISTINCT [d].[EndTime]
FROM [DemlandData] AS [d]
2025-03-28 13:24:57.824 -07:00 [INF] Executed DbCommand (4ms) [Parameters=[], CommandType='"Text"', CommandTimeout='30']
SELECT DISTINCT [d].[Days]
FROM [DemlandData] AS [d]
2025-03-28 13:24:57.836 -07:00 [INF] Executed DbCommand (4ms) [Parameters=[], CommandType='"Text"', CommandTimeout='30']
SELECT DISTINCT [d].[DeliveryMethod]
FROM [DemlandData] AS [d]
2025-03-28 13:24:57.847 -07:00 [INF] Executed DbCommand (5ms) [Parameters=[], CommandType='"Text"', CommandTimeout='30']
SELECT DISTINCT [d].[Email]
FROM [DemlandData] AS [d]
2025-03-28 13:24:57.862 -07:00 [INF] Executed DbCommand (4ms) [Parameters=[], CommandType='"Text"', CommandTimeout='30']
SELECT DISTINCT [d].[Max]
FROM [DemlandData] AS [d]
2025-03-28 13:24:57.874 -07:00 [INF] Executed DbCommand (4ms) [Parameters=[], CommandType='"Text"', CommandTimeout='30']
SELECT DISTINCT [d].[Reg]
FROM [DemlandData] AS [d]
2025-03-28 13:24:57.887 -07:00 [INF] Executed DbCommand (5ms) [Parameters=[], CommandType='"Text"', CommandTimeout='30']
SELECT DISTINCT [d].[SchedID]
FROM [DemlandData] AS [d]
2025-03-28 13:24:57.901 -07:00 [INF] Executed DbCommand (4ms) [Parameters=[], CommandType='"Text"', CommandTimeout='30']
SELECT DISTINCT [d].[SecondaryTeachers]
FROM [DemlandData] AS [d]
2025-03-28 13:24:57.914 -07:00 [INF] Executed DbCommand (4ms) [Parameters=[], CommandType='"Text"', CommandTimeout='30']
SELECT DISTINCT [d].[ClassStart]
FROM [DemlandData] AS [d]
2025-03-28 13:24:57.924 -07:00 [INF] Executed DbCommand (4ms) [Parameters=[], CommandType='"Text"', CommandTimeout='30']
SELECT DISTINCT [d].[ClassEnd]
FROM [DemlandData] AS [d]
2025-03-28 13:24:57.936 -07:00 [INF] Executed DbCommand (4ms) [Parameters=[], CommandType='"Text"', CommandTimeout='30']
SELECT DISTINCT [d].[ClassSchedDescrip]
FROM [DemlandData] AS [d]
2025-03-28 13:24:57.953 -07:00 [INF] Executed DbCommand (7ms) [Parameters=[@__p_1='?' (Size = 4000), @__p_2='?' (Size = 4000)], CommandType='"Text"', CommandTimeout='30']
SELECT [d].[AgreementNumber], [d].[ClassEnd], [d].[ClassSchedDescrip], [d].[ClassStart], [d].[Course], [d].[Cr], [d].[Days], [d].[DeliveryMethod], [d].[Email], [d].[EndTime], [d].[Max], [d].[Reg], [d].[SchedID], [d].[SecondaryTeachers], [d].[Section], [d].[StartTime], [d].[TeacherDescrip]
FROM [DemlandData] AS [d]
WHERE [d].[Course] IS NOT NULL AND [d].[Course] LIKE @__p_1 AND [d].[TeacherDescrip] IS NOT NULL AND [d].[TeacherDescrip] LIKE @__p_2
2025-03-28 13:24:57.960 -07:00 [INF] No classes found with the specified filters.
2025-03-28 13:24:57.963 -07:00 [INF] Executed handler method OnGet, returned result .
2025-03-28 13:24:57.966 -07:00 [INF] Executing an implicit handler method - ModelState is "Valid"
2025-03-28 13:24:57.970 -07:00 [INF] Executed an implicit handler method, returned result Microsoft.AspNetCore.Mvc.RazorPages.PageResult.
2025-03-28 13:24:57.978 -07:00 [INF] Executed page /Filtering/FilterPage in 235.6391ms
2025-03-28 13:24:57.982 -07:00 [INF] Executed endpoint '/Filtering/FilterPage'
2025-03-28 13:24:57.986 -07:00 [INF] Request finished HTTP/1.1 GET http://localhost:5276/Filtering/FilterPage?Course=EEE-320&TeacherDescrip=Michael+Awaah&StartTime=&EndTime= - 200 null text/html; charset=utf-8 253.6493ms
2025-03-28 13:24:58.014 -07:00 [INF] Request starting HTTP/1.1 GET http://localhost:5276/lib/bootstrap/dist/css/bootstrap.min.46ein0sx1k.css - null null
2025-03-28 13:24:58.019 -07:00 [INF] Executing endpoint 'Microsoft.AspNetCore.Routing.RouteEndpoint'
2025-03-28 13:24:58.020 -07:00 [INF] Request starting HTTP/1.1 GET http://localhost:5276/css/site.b9sayid5wm.css - null null
2025-03-28 13:24:58.020 -07:00 [INF] Request starting HTTP/1.1 GET http://localhost:5276/demlandscheduling.egnucrccwx.styles.css - null null
2025-03-28 13:24:58.021 -07:00 [INF] Request starting HTTP/1.1 GET http://localhost:5276/js/site.xtxxf3hu2r.js - null null
2025-03-28 13:24:58.021 -07:00 [INF] Request starting HTTP/1.1 GET http://localhost:5276/lib/jquery/dist/jquery.min.o1o13a6vjx.js - null null
2025-03-28 13:24:58.021 -07:00 [INF] Request starting HTTP/1.1 GET http://localhost:5276/lib/bootstrap/dist/js/bootstrap.bundle.min.493y06b0oq.js - null null
2025-03-28 13:24:58.029 -07:00 [INF] Executing endpoint 'Microsoft.AspNetCore.Routing.RouteEndpoint'
2025-03-28 13:24:58.031 -07:00 [INF] Sending file. Request path: 'lib/bootstrap/dist/css/bootstrap.min.46ein0sx1k.css'. Physical path: 'C:\Users\Mbarn\OneDrive\Desktop\ITT-490_Capstone\WebDev\demlandscheduling\obj\Debug\net9.0\compressed\meb6a3a7zm-46ein0sx1k.gz'
2025-03-28 13:24:58.032 -07:00 [INF] Executing endpoint 'Microsoft.AspNetCore.Routing.RouteEndpoint'
2025-03-28 13:24:58.039 -07:00 [INF] Executing endpoint 'Microsoft.AspNetCore.Routing.RouteEndpoint'
2025-03-28 13:24:58.044 -07:00 [INF] Executing endpoint 'Microsoft.AspNetCore.Routing.RouteEndpoint'
2025-03-28 13:24:58.048 -07:00 [INF] Executing endpoint 'Microsoft.AspNetCore.Routing.RouteEndpoint'
2025-03-28 13:24:58.053 -07:00 [INF] Sending file. Request path: 'css/site.b9sayid5wm.css'. Physical path: 'C:\Users\Mbarn\OneDrive\Desktop\ITT-490_Capstone\WebDev\demlandscheduling\obj\Debug\net9.0\compressed\0hihaubtt6-b9sayid5wm.gz'
2025-03-28 13:24:58.054 -07:00 [INF] Executed endpoint 'Microsoft.AspNetCore.Routing.RouteEndpoint'
2025-03-28 13:24:58.060 -07:00 [INF] Sending file. Request path: 'demlandscheduling.egnucrccwx.styles.css'. Physical path: 'C:\Users\Mbarn\OneDrive\Desktop\ITT-490_Capstone\WebDev\demlandscheduling\obj\Debug\net9.0\compressed\80om1cz1x7-egnucrccwx.gz'
2025-03-28 13:24:58.062 -07:00 [INF] Sending file. Request path: 'js/site.xtxxf3hu2r.js'. Physical path: 'C:\Users\Mbarn\OneDrive\Desktop\ITT-490_Capstone\WebDev\demlandscheduling\obj\Debug\net9.0\compressed\mjyoqukev6-xtxxf3hu2r.gz'
2025-03-28 13:24:58.066 -07:00 [INF] Sending file. Request path: 'lib/jquery/dist/jquery.min.o1o13a6vjx.js'. Physical path: 'C:\Users\Mbarn\OneDrive\Desktop\ITT-490_Capstone\WebDev\demlandscheduling\obj\Debug\net9.0\compressed\kdp67iu68t-o1o13a6vjx.gz'
2025-03-28 13:24:58.067 -07:00 [INF] Executed endpoint 'Microsoft.AspNetCore.Routing.RouteEndpoint'
2025-03-28 13:24:58.067 -07:00 [INF] Sending file. Request path: 'lib/bootstrap/dist/js/bootstrap.bundle.min.493y06b0oq.js'. Physical path: 'C:\Users\Mbarn\OneDrive\Desktop\ITT-490_Capstone\WebDev\demlandscheduling\obj\Debug\net9.0\compressed\zl532ta6m0-493y06b0oq.gz'
2025-03-28 13:24:58.069 -07:00 [INF] Request finished HTTP/1.1 GET http://localhost:5276/lib/bootstrap/dist/css/bootstrap.min.46ein0sx1k.css - 200 232871 text/css 54.7788ms
2025-03-28 13:24:58.071 -07:00 [INF] Executed endpoint 'Microsoft.AspNetCore.Routing.RouteEndpoint'
2025-03-28 13:24:58.073 -07:00 [INF] Executed endpoint 'Microsoft.AspNetCore.Routing.RouteEndpoint'
2025-03-28 13:24:58.076 -07:00 [INF] Executed endpoint 'Microsoft.AspNetCore.Routing.RouteEndpoint'
2025-03-28 13:24:58.079 -07:00 [INF] Request finished HTTP/1.1 GET http://localhost:5276/css/site.b9sayid5wm.css - 200 700 text/css 59.7544ms
2025-03-28 13:24:58.083 -07:00 [INF] Executed endpoint 'Microsoft.AspNetCore.Routing.RouteEndpoint'
2025-03-28 13:24:58.093 -07:00 [INF] Request finished HTTP/1.1 GET http://localhost:5276/demlandscheduling.egnucrccwx.styles.css - 200 1792 text/css 72.9832ms
2025-03-28 13:24:58.096 -07:00 [INF] Request finished HTTP/1.1 GET http://localhost:5276/js/site.xtxxf3hu2r.js - 200 264 text/javascript 75.3637ms
2025-03-28 13:24:58.099 -07:00 [INF] Request finished HTTP/1.1 GET http://localhost:5276/lib/jquery/dist/jquery.min.o1o13a6vjx.js - 200 87576 text/javascript 77.7028ms
2025-03-28 13:24:58.108 -07:00 [INF] Request finished HTTP/1.1 GET http://localhost:5276/lib/bootstrap/dist/js/bootstrap.bundle.min.493y06b0oq.js - 200 80764 text/javascript 86.4244ms
2025-03-28 13:25:03.458 -07:00 [INF] Request starting HTTP/1.1 GET http://localhost:5276/Filtering/FilterPage?Course=EEE-202&TeacherDescrip=Armando+Rodriguez&StartTime=&EndTime= - null null
2025-03-28 13:25:03.464 -07:00 [INF] Executing endpoint '/Filtering/FilterPage'
2025-03-28 13:25:03.465 -07:00 [INF] Route matched with {page = "/Filtering/FilterPage"}. Executing page /Filtering/FilterPage
2025-03-28 13:25:03.470 -07:00 [INF] Executing handler method demlandscheduling.Pages.Filtering.FilterPage.OnGet - ModelState is "Valid"
2025-03-28 13:25:03.472 -07:00 [INF] Filtering data with the filter values: Armando Rodriguez, EEE-202, 0, , 
2025-03-28 13:25:03.481 -07:00 [INF] Executed DbCommand (4ms) [Parameters=[], CommandType='"Text"', CommandTimeout='30']
SELECT DISTINCT [d].[Course]
FROM [DemlandData] AS [d]
2025-03-28 13:25:03.488 -07:00 [INF] Executed DbCommand (1ms) [Parameters=[], CommandType='"Text"', CommandTimeout='30']
SELECT DISTINCT [d].[TeacherDescrip]
FROM [DemlandData] AS [d]
2025-03-28 13:25:03.500 -07:00 [INF] Executed DbCommand (1ms) [Parameters=[], CommandType='"Text"', CommandTimeout='30']
SELECT DISTINCT [d].[StartTime]
FROM [DemlandData] AS [d]
2025-03-28 13:25:03.511 -07:00 [INF] Executed DbCommand (1ms) [Parameters=[], CommandType='"Text"', CommandTimeout='30']
SELECT DISTINCT [d].[EndTime]
FROM [DemlandData] AS [d]
2025-03-28 13:25:03.520 -07:00 [INF] Executed DbCommand (1ms) [Parameters=[], CommandType='"Text"', CommandTimeout='30']
SELECT DISTINCT [d].[Days]
FROM [DemlandData] AS [d]
2025-03-28 13:25:03.530 -07:00 [INF] Executed DbCommand (1ms) [Parameters=[], CommandType='"Text"', CommandTimeout='30']
SELECT DISTINCT [d].[DeliveryMethod]
FROM [DemlandData] AS [d]
2025-03-28 13:25:03.540 -07:00 [INF] Executed DbCommand (1ms) [Parameters=[], CommandType='"Text"', CommandTimeout='30']
SELECT DISTINCT [d].[Email]
FROM [DemlandData] AS [d]
2025-03-28 13:25:03.548 -07:00 [INF] Executed DbCommand (1ms) [Parameters=[], CommandType='"Text"', CommandTimeout='30']
SELECT DISTINCT [d].[Max]
FROM [DemlandData] AS [d]
2025-03-28 13:25:03.558 -07:00 [INF] Executed DbCommand (1ms) [Parameters=[], CommandType='"Text"', CommandTimeout='30']
SELECT DISTINCT [d].[Reg]
FROM [DemlandData] AS [d]
2025-03-28 13:25:03.567 -07:00 [INF] Executed DbCommand (1ms) [Parameters=[], CommandType='"Text"', CommandTimeout='30']
SELECT DISTINCT [d].[SchedID]
FROM [DemlandData] AS [d]
2025-03-28 13:25:03.579 -07:00 [INF] Executed DbCommand (1ms) [Parameters=[], CommandType='"Text"', CommandTimeout='30']
SELECT DISTINCT [d].[SecondaryTeachers]
FROM [DemlandData] AS [d]
2025-03-28 13:25:03.585 -07:00 [INF] Executed DbCommand (1ms) [Parameters=[], CommandType='"Text"', CommandTimeout='30']
SELECT DISTINCT [d].[ClassStart]
FROM [DemlandData] AS [d]
2025-03-28 13:25:03.595 -07:00 [INF] Executed DbCommand (1ms) [Parameters=[], CommandType='"Text"', CommandTimeout='30']
SELECT DISTINCT [d].[ClassEnd]
FROM [DemlandData] AS [d]
2025-03-28 13:25:03.606 -07:00 [INF] Executed DbCommand (1ms) [Parameters=[], CommandType='"Text"', CommandTimeout='30']
SELECT DISTINCT [d].[ClassSchedDescrip]
FROM [DemlandData] AS [d]
2025-03-28 13:25:03.619 -07:00 [INF] Executed DbCommand (2ms) [Parameters=[@__p_1='?' (Size = 4000), @__p_2='?' (Size = 4000)], CommandType='"Text"', CommandTimeout='30']
SELECT [d].[AgreementNumber], [d].[ClassEnd], [d].[ClassSchedDescrip], [d].[ClassStart], [d].[Course], [d].[Cr], [d].[Days], [d].[DeliveryMethod], [d].[Email], [d].[EndTime], [d].[Max], [d].[Reg], [d].[SchedID], [d].[SecondaryTeachers], [d].[Section], [d].[StartTime], [d].[TeacherDescrip]
FROM [DemlandData] AS [d]
WHERE [d].[Course] IS NOT NULL AND [d].[Course] LIKE @__p_1 AND [d].[TeacherDescrip] IS NOT NULL AND [d].[TeacherDescrip] LIKE @__p_2
2025-03-28 13:25:03.628 -07:00 [INF] Executed handler method OnGet, returned result .
2025-03-28 13:25:03.634 -07:00 [INF] Executing an implicit handler method - ModelState is "Valid"
2025-03-28 13:25:03.638 -07:00 [INF] Executed an implicit handler method, returned result Microsoft.AspNetCore.Mvc.RazorPages.PageResult.
2025-03-28 13:25:03.644 -07:00 [INF] Executed page /Filtering/FilterPage in 174.6853ms
2025-03-28 13:25:03.649 -07:00 [INF] Executed endpoint '/Filtering/FilterPage'
2025-03-28 13:25:03.653 -07:00 [INF] Request finished HTTP/1.1 GET http://localhost:5276/Filtering/FilterPage?Course=EEE-202&TeacherDescrip=Armando+Rodriguez&StartTime=&EndTime= - 200 null text/html; charset=utf-8 194.3573ms
2025-03-28 13:25:03.682 -07:00 [INF] Request starting HTTP/1.1 GET http://localhost:5276/lib/bootstrap/dist/css/bootstrap.min.46ein0sx1k.css - null null
2025-03-28 13:25:03.686 -07:00 [INF] Request starting HTTP/1.1 GET http://localhost:5276/css/site.b9sayid5wm.css - null null
2025-03-28 13:25:03.686 -07:00 [INF] Request starting HTTP/1.1 GET http://localhost:5276/demlandscheduling.egnucrccwx.styles.css - null null
2025-03-28 13:25:03.686 -07:00 [INF] Request starting HTTP/1.1 GET http://localhost:5276/lib/jquery/dist/jquery.min.o1o13a6vjx.js - null null
2025-03-28 13:25:03.686 -07:00 [INF] Request starting HTTP/1.1 GET http://localhost:5276/lib/bootstrap/dist/js/bootstrap.bundle.min.493y06b0oq.js - null null
2025-03-28 13:25:03.686 -07:00 [INF] Request starting HTTP/1.1 GET http://localhost:5276/js/site.xtxxf3hu2r.js - null null
2025-03-28 13:25:03.687 -07:00 [INF] Executing endpoint 'Microsoft.AspNetCore.Routing.RouteEndpoint'
2025-03-28 13:25:03.694 -07:00 [INF] Executing endpoint 'Microsoft.AspNetCore.Routing.RouteEndpoint'
2025-03-28 13:25:03.699 -07:00 [INF] Executing endpoint 'Microsoft.AspNetCore.Routing.RouteEndpoint'
2025-03-28 13:25:03.705 -07:00 [INF] Executing endpoint 'Microsoft.AspNetCore.Routing.RouteEndpoint'
2025-03-28 13:25:03.711 -07:00 [INF] Executing endpoint 'Microsoft.AspNetCore.Routing.RouteEndpoint'
2025-03-28 13:25:03.717 -07:00 [INF] Executing endpoint 'Microsoft.AspNetCore.Routing.RouteEndpoint'
2025-03-28 13:25:03.726 -07:00 [INF] Sending file. Request path: 'css/site.b9sayid5wm.css'. Physical path: 'C:\Users\Mbarn\OneDrive\Desktop\ITT-490_Capstone\WebDev\demlandscheduling\obj\Debug\net9.0\compressed\0hihaubtt6-b9sayid5wm.gz'
2025-03-28 13:25:03.728 -07:00 [INF] Sending file. Request path: 'lib/bootstrap/dist/css/bootstrap.min.46ein0sx1k.css'. Physical path: 'C:\Users\Mbarn\OneDrive\Desktop\ITT-490_Capstone\WebDev\demlandscheduling\obj\Debug\net9.0\compressed\meb6a3a7zm-46ein0sx1k.gz'
2025-03-28 13:25:03.729 -07:00 [INF] Sending file. Request path: 'demlandscheduling.egnucrccwx.styles.css'. Physical path: 'C:\Users\Mbarn\OneDrive\Desktop\ITT-490_Capstone\WebDev\demlandscheduling\obj\Debug\net9.0\compressed\80om1cz1x7-egnucrccwx.gz'
2025-03-28 13:25:03.732 -07:00 [INF] Sending file. Request path: 'lib/jquery/dist/jquery.min.o1o13a6vjx.js'. Physical path: 'C:\Users\Mbarn\OneDrive\Desktop\ITT-490_Capstone\WebDev\demlandscheduling\obj\Debug\net9.0\compressed\kdp67iu68t-o1o13a6vjx.gz'
2025-03-28 13:25:03.735 -07:00 [INF] Sending file. Request path: 'lib/bootstrap/dist/js/bootstrap.bundle.min.493y06b0oq.js'. Physical path: 'C:\Users\Mbarn\OneDrive\Desktop\ITT-490_Capstone\WebDev\demlandscheduling\obj\Debug\net9.0\compressed\zl532ta6m0-493y06b0oq.gz'
2025-03-28 13:25:03.736 -07:00 [INF] Sending file. Request path: 'js/site.xtxxf3hu2r.js'. Physical path: 'C:\Users\Mbarn\OneDrive\Desktop\ITT-490_Capstone\WebDev\demlandscheduling\obj\Debug\net9.0\compressed\mjyoqukev6-xtxxf3hu2r.gz'
2025-03-28 13:25:03.739 -07:00 [INF] Executed endpoint 'Microsoft.AspNetCore.Routing.RouteEndpoint'
2025-03-28 13:25:03.742 -07:00 [INF] Executed endpoint 'Microsoft.AspNetCore.Routing.RouteEndpoint'
2025-03-28 13:25:03.746 -07:00 [INF] Executed endpoint 'Microsoft.AspNetCore.Routing.RouteEndpoint'
2025-03-28 13:25:03.748 -07:00 [INF] Executed endpoint 'Microsoft.AspNetCore.Routing.RouteEndpoint'
2025-03-28 13:25:03.751 -07:00 [INF] Executed endpoint 'Microsoft.AspNetCore.Routing.RouteEndpoint'
2025-03-28 13:25:03.757 -07:00 [INF] Executed endpoint 'Microsoft.AspNetCore.Routing.RouteEndpoint'
2025-03-28 13:25:03.760 -07:00 [INF] Request finished HTTP/1.1 GET http://localhost:5276/css/site.b9sayid5wm.css - 200 700 text/css 74.5984ms
2025-03-28 13:25:03.763 -07:00 [INF] Request finished HTTP/1.1 GET http://localhost:5276/lib/bootstrap/dist/css/bootstrap.min.46ein0sx1k.css - 200 232871 text/css 81.3365ms
2025-03-28 13:25:03.766 -07:00 [INF] Request finished HTTP/1.1 GET http://localhost:5276/demlandscheduling.egnucrccwx.styles.css - 200 1792 text/css 79.5923ms
2025-03-28 13:25:03.767 -07:00 [INF] Request finished HTTP/1.1 GET http://localhost:5276/lib/jquery/dist/jquery.min.o1o13a6vjx.js - 200 87576 text/javascript 81.2802ms
2025-03-28 13:25:03.769 -07:00 [INF] Request finished HTTP/1.1 GET http://localhost:5276/lib/bootstrap/dist/js/bootstrap.bundle.min.493y06b0oq.js - 200 80764 text/javascript 83.346ms
2025-03-28 13:25:03.772 -07:00 [INF] Request finished HTTP/1.1 GET http://localhost:5276/js/site.xtxxf3hu2r.js - 200 264 text/javascript 85.3957ms
2025-03-28 13:27:03.600 -07:00 [INF] Application is shutting down...
