2025-03-20 11:40:28.190 -07:00 [INF] User profile is available. Using 'C:\Users\Mbarn\AppData\Local\ASP.NET\DataProtection-Keys' as key repository and Windows DPAPI to encrypt keys at rest.
2025-03-20 11:40:28.429 -07:00 [INF] Now listening on: http://localhost:5276
2025-03-20 11:40:28.432 -07:00 [INF] Application started. Press Ctrl+C to shut down.
2025-03-20 11:40:28.433 -07:00 [INF] Hosting environment: Development
2025-03-20 11:40:28.434 -07:00 [INF] Content root path: C:\Users\Mbarn\OneDrive\Desktop\ITT-490_Capstone\WebDev\demlandscheduling
2025-03-20 11:40:33.142 -07:00 [INF] Request starting HTTP/1.1 GET http://localhost:5276/ - null null
2025-03-20 11:40:33.156 -07:00 [WRN] Failed to determine the https port for redirect.
2025-03-20 11:40:33.244 -07:00 [INF] Executing endpoint '/Index'
2025-03-20 11:40:33.279 -07:00 [INF] Route matched with {page = "/Index"}. Executing page /Index
2025-03-20 11:40:33.614 -07:00 [INF] Executing handler method demlandscheduling.Pages.Index.IndexModel.OnGetAsync - ModelState is "Valid"
2025-03-20 11:40:34.828 -07:00 [INF] Executed DbCommand (42ms) [Parameters=[], CommandType='"Text"', CommandTimeout='30']
SELECT [d].[AgreementNumber], [d].[ClassEnd], [d].[ClassSchedDescrip], [d].[ClassStart], [d].[Course], [d].[Cr], [d].[Days], [d].[DeliveryMethod], [d].[Email], [d].[EndTime], [d].[Max], [d].[Reg], [d].[SchedID], [d].[SecondaryTeachers], [d].[Section], [d].[StartTime], [d].[TeacherDescrip]
FROM [DemlandData] AS [d]
2025-03-20 11:40:34.864 -07:00 [INF] Executed handler method OnGetAsync, returned result .
2025-03-20 11:40:34.870 -07:00 [INF] Executing an implicit handler method - ModelState is "Valid"
2025-03-20 11:40:34.872 -07:00 [INF] Executed an implicit handler method, returned result Microsoft.AspNetCore.Mvc.RazorPages.PageResult.
2025-03-20 11:40:34.945 -07:00 [INF] Executed page /Index in 1660.8892ms
2025-03-20 11:40:34.954 -07:00 [INF] Executed endpoint '/Index'
2025-03-20 11:40:34.970 -07:00 [INF] Request finished HTTP/1.1 GET http://localhost:5276/ - 200 null text/html; charset=utf-8 1828.6458ms
2025-03-20 11:40:34.972 -07:00 [INF] Request starting HTTP/1.1 GET http://localhost:5276/css/site.b9sayid5wm.css - null null
2025-03-20 11:40:34.975 -07:00 [INF] Request starting HTTP/1.1 GET http://localhost:5276/lib/bootstrap/dist/css/bootstrap.min.46ein0sx1k.css - null null
2025-03-20 11:40:34.979 -07:00 [INF] Request starting HTTP/1.1 GET http://localhost:5276/lib/jquery/dist/jquery.min.o1o13a6vjx.js - null null
2025-03-20 11:40:34.980 -07:00 [INF] Request starting HTTP/1.1 GET http://localhost:5276/demlandscheduling.svgnti2ui0.styles.css - null null
2025-03-20 11:40:34.981 -07:00 [INF] Executing endpoint 'Microsoft.AspNetCore.Routing.RouteEndpoint'
2025-03-20 11:40:34.981 -07:00 [INF] Executing endpoint 'Microsoft.AspNetCore.Routing.RouteEndpoint'
2025-03-20 11:40:34.981 -07:00 [INF] Request starting HTTP/1.1 GET http://localhost:5276/lib/bootstrap/dist/js/bootstrap.bundle.min.493y06b0oq.js - null null
2025-03-20 11:40:34.982 -07:00 [INF] Request starting HTTP/1.1 GET http://localhost:5276/js/site.xtxxf3hu2r.js - null null
2025-03-20 11:40:34.996 -07:00 [INF] Executing endpoint 'Microsoft.AspNetCore.Routing.RouteEndpoint'
2025-03-20 11:40:34.997 -07:00 [INF] Executing endpoint 'Microsoft.AspNetCore.Routing.RouteEndpoint'
2025-03-20 11:40:35.008 -07:00 [INF] Executing endpoint 'Microsoft.AspNetCore.Routing.RouteEndpoint'
2025-03-20 11:40:35.011 -07:00 [INF] Executing endpoint 'Microsoft.AspNetCore.Routing.RouteEndpoint'
2025-03-20 11:40:35.012 -07:00 [INF] Sending file. Request path: 'css/site.b9sayid5wm.css'. Physical path: 'C:\Users\Mbarn\OneDrive\Desktop\ITT-490_Capstone\WebDev\demlandscheduling\obj\Debug\net9.0\compressed\0hihaubtt6-b9sayid5wm.gz'
2025-03-20 11:40:35.012 -07:00 [INF] Sending file. Request path: 'demlandscheduling.svgnti2ui0.styles.css'. Physical path: 'C:\Users\Mbarn\OneDrive\Desktop\ITT-490_Capstone\WebDev\demlandscheduling\obj\Debug\net9.0\compressed\80om1cz1x7-svgnti2ui0.gz'
2025-03-20 11:40:35.013 -07:00 [INF] Sending file. Request path: 'js/site.xtxxf3hu2r.js'. Physical path: 'C:\Users\Mbarn\OneDrive\Desktop\ITT-490_Capstone\WebDev\demlandscheduling\obj\Debug\net9.0\compressed\mjyoqukev6-xtxxf3hu2r.gz'
2025-03-20 11:40:35.017 -07:00 [INF] Executed endpoint 'Microsoft.AspNetCore.Routing.RouteEndpoint'
2025-03-20 11:40:35.021 -07:00 [INF] Executed endpoint 'Microsoft.AspNetCore.Routing.RouteEndpoint'
2025-03-20 11:40:35.023 -07:00 [INF] Executed endpoint 'Microsoft.AspNetCore.Routing.RouteEndpoint'
2025-03-20 11:40:35.026 -07:00 [INF] Sending file. Request path: 'lib/bootstrap/dist/js/bootstrap.bundle.min.493y06b0oq.js'. Physical path: 'C:\Users\Mbarn\OneDrive\Desktop\ITT-490_Capstone\WebDev\demlandscheduling\obj\Debug\net9.0\compressed\zl532ta6m0-493y06b0oq.gz'
2025-03-20 11:40:35.026 -07:00 [INF] Request finished HTTP/1.1 GET http://localhost:5276/css/site.b9sayid5wm.css - 200 700 text/css 54.3614ms
2025-03-20 11:40:35.026 -07:00 [INF] Sending file. Request path: 'lib/bootstrap/dist/css/bootstrap.min.46ein0sx1k.css'. Physical path: 'C:\Users\Mbarn\OneDrive\Desktop\ITT-490_Capstone\WebDev\demlandscheduling\obj\Debug\net9.0\compressed\meb6a3a7zm-46ein0sx1k.gz'
2025-03-20 11:40:35.026 -07:00 [INF] Sending file. Request path: 'lib/jquery/dist/jquery.min.o1o13a6vjx.js'. Physical path: 'C:\Users\Mbarn\OneDrive\Desktop\ITT-490_Capstone\WebDev\demlandscheduling\obj\Debug\net9.0\compressed\kdp67iu68t-o1o13a6vjx.gz'
2025-03-20 11:40:35.028 -07:00 [INF] Request finished HTTP/1.1 GET http://localhost:5276/demlandscheduling.svgnti2ui0.styles.css - 200 1168 text/css 47.9023ms
2025-03-20 11:40:35.029 -07:00 [INF] Request finished HTTP/1.1 GET http://localhost:5276/js/site.xtxxf3hu2r.js - 200 264 text/javascript 47.6538ms
2025-03-20 11:40:35.031 -07:00 [INF] Executed endpoint 'Microsoft.AspNetCore.Routing.RouteEndpoint'
2025-03-20 11:40:35.037 -07:00 [INF] Executed endpoint 'Microsoft.AspNetCore.Routing.RouteEndpoint'
2025-03-20 11:40:35.039 -07:00 [INF] Executed endpoint 'Microsoft.AspNetCore.Routing.RouteEndpoint'
2025-03-20 11:40:35.052 -07:00 [INF] Request finished HTTP/1.1 GET http://localhost:5276/lib/bootstrap/dist/js/bootstrap.bundle.min.493y06b0oq.js - 200 80764 text/javascript 70.2418ms
2025-03-20 11:40:35.081 -07:00 [INF] Request finished HTTP/1.1 GET http://localhost:5276/lib/bootstrap/dist/css/bootstrap.min.46ein0sx1k.css - 200 232871 text/css 106.8004ms
2025-03-20 11:40:35.085 -07:00 [INF] Request finished HTTP/1.1 GET http://localhost:5276/lib/jquery/dist/jquery.min.o1o13a6vjx.js - 200 87576 text/javascript 106.2754ms
2025-03-20 11:40:36.524 -07:00 [INF] Request starting HTTP/1.1 GET http://localhost:5276/Filtering/FilterPage - null null
2025-03-20 11:40:36.580 -07:00 [INF] Executing endpoint '/Filtering/FilterPage'
2025-03-20 11:40:36.622 -07:00 [INF] Route matched with {page = "/Filtering/FilterPage"}. Executing page /Filtering/FilterPage
2025-03-20 11:40:36.644 -07:00 [INF] Executing handler method demlandscheduling.Pages.Filtering.FilterPage.OnGet - ModelState is "Valid"
2025-03-20 11:40:36.654 -07:00 [INF] Filtering data with the filter values: , , 0, , 
2025-03-20 11:40:36.849 -07:00 [INF] Executed DbCommand (55ms) [Parameters=[], CommandType='"Text"', CommandTimeout='30']
SELECT DISTINCT [d].[Course]
FROM [DemlandData] AS [d]
2025-03-20 11:40:36.892 -07:00 [INF] Executed DbCommand (31ms) [Parameters=[], CommandType='"Text"', CommandTimeout='30']
SELECT DISTINCT [d].[TeacherDescrip]
FROM [DemlandData] AS [d]
2025-03-20 11:40:36.931 -07:00 [INF] Executed DbCommand (19ms) [Parameters=[], CommandType='"Text"', CommandTimeout='30']
SELECT DISTINCT [d].[StartTime]
FROM [DemlandData] AS [d]
2025-03-20 11:40:36.960 -07:00 [INF] Executed DbCommand (15ms) [Parameters=[], CommandType='"Text"', CommandTimeout='30']
SELECT DISTINCT [d].[EndTime]
FROM [DemlandData] AS [d]
2025-03-20 11:40:37.008 -07:00 [INF] Executed DbCommand (34ms) [Parameters=[], CommandType='"Text"', CommandTimeout='30']
SELECT DISTINCT [d].[Days]
FROM [DemlandData] AS [d]
2025-03-20 11:40:37.059 -07:00 [INF] Executed DbCommand (35ms) [Parameters=[], CommandType='"Text"', CommandTimeout='30']
SELECT DISTINCT [d].[DeliveryMethod]
FROM [DemlandData] AS [d]
2025-03-20 11:40:37.125 -07:00 [INF] Executed DbCommand (44ms) [Parameters=[], CommandType='"Text"', CommandTimeout='30']
SELECT DISTINCT [d].[Email]
FROM [DemlandData] AS [d]
2025-03-20 11:40:37.178 -07:00 [INF] Executed DbCommand (36ms) [Parameters=[], CommandType='"Text"', CommandTimeout='30']
SELECT DISTINCT [d].[Max]
FROM [DemlandData] AS [d]
2025-03-20 11:40:37.199 -07:00 [INF] Executed DbCommand (11ms) [Parameters=[], CommandType='"Text"', CommandTimeout='30']
SELECT DISTINCT [d].[Reg]
FROM [DemlandData] AS [d]
2025-03-20 11:40:37.218 -07:00 [INF] Executed DbCommand (10ms) [Parameters=[], CommandType='"Text"', CommandTimeout='30']
SELECT DISTINCT [d].[SchedID]
FROM [DemlandData] AS [d]
2025-03-20 11:40:37.233 -07:00 [INF] Executed DbCommand (6ms) [Parameters=[], CommandType='"Text"', CommandTimeout='30']
SELECT DISTINCT [d].[SecondaryTeachers]
FROM [DemlandData] AS [d]
2025-03-20 11:40:37.257 -07:00 [INF] Executed DbCommand (6ms) [Parameters=[], CommandType='"Text"', CommandTimeout='30']
SELECT DISTINCT [d].[ClassStart]
FROM [DemlandData] AS [d]
2025-03-20 11:40:37.275 -07:00 [INF] Executed DbCommand (6ms) [Parameters=[], CommandType='"Text"', CommandTimeout='30']
SELECT DISTINCT [d].[ClassEnd]
FROM [DemlandData] AS [d]
2025-03-20 11:40:37.293 -07:00 [INF] Executed DbCommand (10ms) [Parameters=[], CommandType='"Text"', CommandTimeout='30']
SELECT DISTINCT [d].[ClassSchedDescrip]
FROM [DemlandData] AS [d]
2025-03-20 11:40:37.309 -07:00 [INF] Executed DbCommand (2ms) [Parameters=[], CommandType='"Text"', CommandTimeout='30']
SELECT [d].[AgreementNumber], [d].[ClassEnd], [d].[ClassSchedDescrip], [d].[ClassStart], [d].[Course], [d].[Cr], [d].[Days], [d].[DeliveryMethod], [d].[Email], [d].[EndTime], [d].[Max], [d].[Reg], [d].[SchedID], [d].[SecondaryTeachers], [d].[Section], [d].[StartTime], [d].[TeacherDescrip]
FROM [DemlandData] AS [d]
2025-03-20 11:40:37.313 -07:00 [INF] Executed handler method OnGet, returned result .
2025-03-20 11:40:37.315 -07:00 [INF] Executing an implicit handler method - ModelState is "Valid"
2025-03-20 11:40:37.316 -07:00 [INF] Executed an implicit handler method, returned result Microsoft.AspNetCore.Mvc.RazorPages.PageResult.
2025-03-20 11:40:37.341 -07:00 [INF] Executed page /Filtering/FilterPage in 714.8094ms
2025-03-20 11:40:37.344 -07:00 [INF] Executed endpoint '/Filtering/FilterPage'
2025-03-20 11:40:37.345 -07:00 [INF] Request finished HTTP/1.1 GET http://localhost:5276/Filtering/FilterPage - 200 null text/html; charset=utf-8 821.8498ms
2025-03-20 11:40:37.379 -07:00 [INF] Request starting HTTP/1.1 GET http://localhost:5276/lib/bootstrap/dist/css/bootstrap.min.46ein0sx1k.css - null null
2025-03-20 11:40:37.383 -07:00 [INF] Executing endpoint 'Microsoft.AspNetCore.Routing.RouteEndpoint'
2025-03-20 11:40:37.389 -07:00 [INF] Sending file. Request path: 'lib/bootstrap/dist/css/bootstrap.min.46ein0sx1k.css'. Physical path: 'C:\Users\Mbarn\OneDrive\Desktop\ITT-490_Capstone\WebDev\demlandscheduling\obj\Debug\net9.0\compressed\meb6a3a7zm-46ein0sx1k.gz'
2025-03-20 11:40:37.390 -07:00 [INF] Executed endpoint 'Microsoft.AspNetCore.Routing.RouteEndpoint'
2025-03-20 11:40:37.392 -07:00 [INF] Request finished HTTP/1.1 GET http://localhost:5276/lib/bootstrap/dist/css/bootstrap.min.46ein0sx1k.css - 200 232871 text/css 12.9815ms
2025-03-20 11:40:37.397 -07:00 [INF] Request starting HTTP/1.1 GET http://localhost:5276/css/site.b9sayid5wm.css - null null
2025-03-20 11:40:37.403 -07:00 [INF] Executing endpoint 'Microsoft.AspNetCore.Routing.RouteEndpoint'
2025-03-20 11:40:37.406 -07:00 [INF] Sending file. Request path: 'css/site.b9sayid5wm.css'. Physical path: 'C:\Users\Mbarn\OneDrive\Desktop\ITT-490_Capstone\WebDev\demlandscheduling\obj\Debug\net9.0\compressed\0hihaubtt6-b9sayid5wm.gz'
2025-03-20 11:40:37.408 -07:00 [INF] Executed endpoint 'Microsoft.AspNetCore.Routing.RouteEndpoint'
2025-03-20 11:40:37.412 -07:00 [INF] Request finished HTTP/1.1 GET http://localhost:5276/css/site.b9sayid5wm.css - 200 700 text/css 15.6089ms
2025-03-20 11:40:37.415 -07:00 [INF] Request starting HTTP/1.1 GET http://localhost:5276/demlandscheduling.svgnti2ui0.styles.css - null null
2025-03-20 11:40:37.415 -07:00 [INF] Request starting HTTP/1.1 GET http://localhost:5276/lib/jquery/dist/jquery.min.o1o13a6vjx.js - null null
2025-03-20 11:40:37.417 -07:00 [INF] Request starting HTTP/1.1 GET http://localhost:5276/lib/bootstrap/dist/js/bootstrap.bundle.min.493y06b0oq.js - null null
2025-03-20 11:40:37.421 -07:00 [INF] Request starting HTTP/1.1 GET http://localhost:5276/js/site.xtxxf3hu2r.js - null null
2025-03-20 11:40:37.436 -07:00 [INF] Executing endpoint 'Microsoft.AspNetCore.Routing.RouteEndpoint'
2025-03-20 11:40:37.492 -07:00 [INF] Executing endpoint 'Microsoft.AspNetCore.Routing.RouteEndpoint'
2025-03-20 11:40:37.500 -07:00 [INF] Executing endpoint 'Microsoft.AspNetCore.Routing.RouteEndpoint'
2025-03-20 11:40:37.503 -07:00 [INF] Sending file. Request path: 'lib/jquery/dist/jquery.min.o1o13a6vjx.js'. Physical path: 'C:\Users\Mbarn\OneDrive\Desktop\ITT-490_Capstone\WebDev\demlandscheduling\obj\Debug\net9.0\compressed\kdp67iu68t-o1o13a6vjx.gz'
2025-03-20 11:40:37.506 -07:00 [INF] Sending file. Request path: 'demlandscheduling.svgnti2ui0.styles.css'. Physical path: 'C:\Users\Mbarn\OneDrive\Desktop\ITT-490_Capstone\WebDev\demlandscheduling\obj\Debug\net9.0\compressed\80om1cz1x7-svgnti2ui0.gz'
2025-03-20 11:40:37.510 -07:00 [INF] Sending file. Request path: 'js/site.xtxxf3hu2r.js'. Physical path: 'C:\Users\Mbarn\OneDrive\Desktop\ITT-490_Capstone\WebDev\demlandscheduling\obj\Debug\net9.0\compressed\mjyoqukev6-xtxxf3hu2r.gz'
2025-03-20 11:40:37.511 -07:00 [INF] Executed endpoint 'Microsoft.AspNetCore.Routing.RouteEndpoint'
2025-03-20 11:40:37.544 -07:00 [INF] Executed endpoint 'Microsoft.AspNetCore.Routing.RouteEndpoint'
2025-03-20 11:40:37.545 -07:00 [INF] Executed endpoint 'Microsoft.AspNetCore.Routing.RouteEndpoint'
2025-03-20 11:40:37.547 -07:00 [INF] Request finished HTTP/1.1 GET http://localhost:5276/lib/jquery/dist/jquery.min.o1o13a6vjx.js - 200 87576 text/javascript 131.9605ms
2025-03-20 11:40:37.549 -07:00 [INF] Request finished HTTP/1.1 GET http://localhost:5276/demlandscheduling.svgnti2ui0.styles.css - 200 1168 text/css 134.2192ms
2025-03-20 11:40:37.552 -07:00 [INF] Request finished HTTP/1.1 GET http://localhost:5276/js/site.xtxxf3hu2r.js - 200 264 text/javascript 130.9557ms
2025-03-20 11:40:37.576 -07:00 [INF] Executing endpoint 'Microsoft.AspNetCore.Routing.RouteEndpoint'
2025-03-20 11:40:37.588 -07:00 [INF] Sending file. Request path: 'lib/bootstrap/dist/js/bootstrap.bundle.min.493y06b0oq.js'. Physical path: 'C:\Users\Mbarn\OneDrive\Desktop\ITT-490_Capstone\WebDev\demlandscheduling\obj\Debug\net9.0\compressed\zl532ta6m0-493y06b0oq.gz'
2025-03-20 11:40:37.590 -07:00 [INF] Executed endpoint 'Microsoft.AspNetCore.Routing.RouteEndpoint'
2025-03-20 11:40:37.592 -07:00 [INF] Request finished HTTP/1.1 GET http://localhost:5276/lib/bootstrap/dist/js/bootstrap.bundle.min.493y06b0oq.js - 200 80764 text/javascript 175.4794ms
2025-03-20 11:40:44.178 -07:00 [INF] Request starting HTTP/1.1 GET http://localhost:5276/Filtering/FilterPage?Course=EEE-202L&TeacherDescrip=Armando+Rodriguez&StartTime=&EndTime= - null null
2025-03-20 11:40:44.188 -07:00 [INF] Executing endpoint '/Filtering/FilterPage'
2025-03-20 11:40:44.190 -07:00 [INF] Route matched with {page = "/Filtering/FilterPage"}. Executing page /Filtering/FilterPage
2025-03-20 11:40:44.222 -07:00 [INF] Executing handler method demlandscheduling.Pages.Filtering.FilterPage.OnGet - ModelState is "Valid"
2025-03-20 11:40:44.226 -07:00 [INF] Filtering data with the filter values: Armando Rodriguez, EEE-202L, 0, , 
2025-03-20 11:40:44.446 -07:00 [INF] Executed DbCommand (16ms) [Parameters=[], CommandType='"Text"', CommandTimeout='30']
SELECT DISTINCT [d].[Course]
FROM [DemlandData] AS [d]
2025-03-20 11:40:44.458 -07:00 [INF] Executed DbCommand (5ms) [Parameters=[], CommandType='"Text"', CommandTimeout='30']
SELECT DISTINCT [d].[TeacherDescrip]
FROM [DemlandData] AS [d]
2025-03-20 11:40:44.472 -07:00 [INF] Executed DbCommand (4ms) [Parameters=[], CommandType='"Text"', CommandTimeout='30']
SELECT DISTINCT [d].[StartTime]
FROM [DemlandData] AS [d]
2025-03-20 11:40:44.483 -07:00 [INF] Executed DbCommand (4ms) [Parameters=[], CommandType='"Text"', CommandTimeout='30']
SELECT DISTINCT [d].[EndTime]
FROM [DemlandData] AS [d]
2025-03-20 11:40:44.494 -07:00 [INF] Executed DbCommand (3ms) [Parameters=[], CommandType='"Text"', CommandTimeout='30']
SELECT DISTINCT [d].[Days]
FROM [DemlandData] AS [d]
2025-03-20 11:40:44.507 -07:00 [INF] Executed DbCommand (4ms) [Parameters=[], CommandType='"Text"', CommandTimeout='30']
SELECT DISTINCT [d].[DeliveryMethod]
FROM [DemlandData] AS [d]
2025-03-20 11:40:44.519 -07:00 [INF] Executed DbCommand (4ms) [Parameters=[], CommandType='"Text"', CommandTimeout='30']
SELECT DISTINCT [d].[Email]
FROM [DemlandData] AS [d]
2025-03-20 11:40:44.534 -07:00 [INF] Executed DbCommand (6ms) [Parameters=[], CommandType='"Text"', CommandTimeout='30']
SELECT DISTINCT [d].[Max]
FROM [DemlandData] AS [d]
2025-03-20 11:40:44.547 -07:00 [INF] Executed DbCommand (5ms) [Parameters=[], CommandType='"Text"', CommandTimeout='30']
SELECT DISTINCT [d].[Reg]
FROM [DemlandData] AS [d]
2025-03-20 11:40:44.561 -07:00 [INF] Executed DbCommand (4ms) [Parameters=[], CommandType='"Text"', CommandTimeout='30']
SELECT DISTINCT [d].[SchedID]
FROM [DemlandData] AS [d]
2025-03-20 11:40:44.575 -07:00 [INF] Executed DbCommand (5ms) [Parameters=[], CommandType='"Text"', CommandTimeout='30']
SELECT DISTINCT [d].[SecondaryTeachers]
FROM [DemlandData] AS [d]
2025-03-20 11:40:44.588 -07:00 [INF] Executed DbCommand (5ms) [Parameters=[], CommandType='"Text"', CommandTimeout='30']
SELECT DISTINCT [d].[ClassStart]
FROM [DemlandData] AS [d]
2025-03-20 11:40:44.603 -07:00 [INF] Executed DbCommand (5ms) [Parameters=[], CommandType='"Text"', CommandTimeout='30']
SELECT DISTINCT [d].[ClassEnd]
FROM [DemlandData] AS [d]
2025-03-20 11:40:44.617 -07:00 [INF] Executed DbCommand (5ms) [Parameters=[], CommandType='"Text"', CommandTimeout='30']
SELECT DISTINCT [d].[ClassSchedDescrip]
FROM [DemlandData] AS [d]
2025-03-20 11:40:44.916 -07:00 [INF] Executed DbCommand (109ms) [Parameters=[@__p_1='?' (Size = 4000), @__p_2='?' (Size = 4000)], CommandType='"Text"', CommandTimeout='30']
SELECT [d].[AgreementNumber], [d].[ClassEnd], [d].[ClassSchedDescrip], [d].[ClassStart], [d].[Course], [d].[Cr], [d].[Days], [d].[DeliveryMethod], [d].[Email], [d].[EndTime], [d].[Max], [d].[Reg], [d].[SchedID], [d].[SecondaryTeachers], [d].[Section], [d].[StartTime], [d].[TeacherDescrip]
FROM [DemlandData] AS [d]
WHERE [d].[Course] IS NOT NULL AND [d].[Course] LIKE @__p_1 AND [d].[TeacherDescrip] IS NOT NULL AND [d].[TeacherDescrip] LIKE @__p_2
2025-03-20 11:40:44.927 -07:00 [INF] Executed handler method OnGet, returned result .
2025-03-20 11:40:44.933 -07:00 [INF] Executing an implicit handler method - ModelState is "Valid"
2025-03-20 11:40:44.937 -07:00 [INF] Executed an implicit handler method, returned result Microsoft.AspNetCore.Mvc.RazorPages.PageResult.
2025-03-20 11:40:44.947 -07:00 [INF] Executed page /Filtering/FilterPage in 752.8312ms
2025-03-20 11:40:44.952 -07:00 [INF] Executed endpoint '/Filtering/FilterPage'
2025-03-20 11:40:44.955 -07:00 [INF] Request finished HTTP/1.1 GET http://localhost:5276/Filtering/FilterPage?Course=EEE-202L&TeacherDescrip=Armando+Rodriguez&StartTime=&EndTime= - 200 null text/html; charset=utf-8 777.3915ms
2025-03-20 11:40:45.001 -07:00 [INF] Request starting HTTP/1.1 GET http://localhost:5276/lib/bootstrap/dist/css/bootstrap.min.46ein0sx1k.css - null null
2025-03-20 11:40:45.009 -07:00 [INF] Request starting HTTP/1.1 GET http://localhost:5276/css/site.b9sayid5wm.css - null null
2025-03-20 11:40:45.010 -07:00 [INF] Executing endpoint 'Microsoft.AspNetCore.Routing.RouteEndpoint'
2025-03-20 11:40:45.010 -07:00 [INF] Request starting HTTP/1.1 GET http://localhost:5276/demlandscheduling.svgnti2ui0.styles.css - null null
2025-03-20 11:40:45.010 -07:00 [INF] Request starting HTTP/1.1 GET http://localhost:5276/lib/jquery/dist/jquery.min.o1o13a6vjx.js - null null
2025-03-20 11:40:45.010 -07:00 [INF] Request starting HTTP/1.1 GET http://localhost:5276/lib/bootstrap/dist/js/bootstrap.bundle.min.493y06b0oq.js - null null
2025-03-20 11:40:45.010 -07:00 [INF] Request starting HTTP/1.1 GET http://localhost:5276/js/site.xtxxf3hu2r.js - null null
2025-03-20 11:40:45.019 -07:00 [INF] Executing endpoint 'Microsoft.AspNetCore.Routing.RouteEndpoint'
2025-03-20 11:40:45.030 -07:00 [INF] Sending file. Request path: 'lib/bootstrap/dist/css/bootstrap.min.46ein0sx1k.css'. Physical path: 'C:\Users\Mbarn\OneDrive\Desktop\ITT-490_Capstone\WebDev\demlandscheduling\obj\Debug\net9.0\compressed\meb6a3a7zm-46ein0sx1k.gz'
2025-03-20 11:40:45.031 -07:00 [INF] Executing endpoint 'Microsoft.AspNetCore.Routing.RouteEndpoint'
2025-03-20 11:40:45.040 -07:00 [INF] Executing endpoint 'Microsoft.AspNetCore.Routing.RouteEndpoint'
2025-03-20 11:40:45.046 -07:00 [INF] Executing endpoint 'Microsoft.AspNetCore.Routing.RouteEndpoint'
2025-03-20 11:40:45.060 -07:00 [INF] Executing endpoint 'Microsoft.AspNetCore.Routing.RouteEndpoint'
2025-03-20 11:40:45.066 -07:00 [INF] Sending file. Request path: 'css/site.b9sayid5wm.css'. Physical path: 'C:\Users\Mbarn\OneDrive\Desktop\ITT-490_Capstone\WebDev\demlandscheduling\obj\Debug\net9.0\compressed\0hihaubtt6-b9sayid5wm.gz'
2025-03-20 11:40:45.068 -07:00 [INF] Executed endpoint 'Microsoft.AspNetCore.Routing.RouteEndpoint'
2025-03-20 11:40:45.073 -07:00 [INF] Sending file. Request path: 'demlandscheduling.svgnti2ui0.styles.css'. Physical path: 'C:\Users\Mbarn\OneDrive\Desktop\ITT-490_Capstone\WebDev\demlandscheduling\obj\Debug\net9.0\compressed\80om1cz1x7-svgnti2ui0.gz'
2025-03-20 11:40:45.078 -07:00 [INF] Sending file. Request path: 'lib/jquery/dist/jquery.min.o1o13a6vjx.js'. Physical path: 'C:\Users\Mbarn\OneDrive\Desktop\ITT-490_Capstone\WebDev\demlandscheduling\obj\Debug\net9.0\compressed\kdp67iu68t-o1o13a6vjx.gz'
2025-03-20 11:40:45.079 -07:00 [INF] Sending file. Request path: 'lib/bootstrap/dist/js/bootstrap.bundle.min.493y06b0oq.js'. Physical path: 'C:\Users\Mbarn\OneDrive\Desktop\ITT-490_Capstone\WebDev\demlandscheduling\obj\Debug\net9.0\compressed\zl532ta6m0-493y06b0oq.gz'
2025-03-20 11:40:45.082 -07:00 [INF] Sending file. Request path: 'js/site.xtxxf3hu2r.js'. Physical path: 'C:\Users\Mbarn\OneDrive\Desktop\ITT-490_Capstone\WebDev\demlandscheduling\obj\Debug\net9.0\compressed\mjyoqukev6-xtxxf3hu2r.gz'
2025-03-20 11:40:45.085 -07:00 [INF] Executed endpoint 'Microsoft.AspNetCore.Routing.RouteEndpoint'
2025-03-20 11:40:45.087 -07:00 [INF] Request finished HTTP/1.1 GET http://localhost:5276/lib/bootstrap/dist/css/bootstrap.min.46ein0sx1k.css - 200 232871 text/css 85.42ms
2025-03-20 11:40:45.090 -07:00 [INF] Executed endpoint 'Microsoft.AspNetCore.Routing.RouteEndpoint'
2025-03-20 11:40:45.094 -07:00 [INF] Executed endpoint 'Microsoft.AspNetCore.Routing.RouteEndpoint'
2025-03-20 11:40:45.097 -07:00 [INF] Executed endpoint 'Microsoft.AspNetCore.Routing.RouteEndpoint'
2025-03-20 11:40:45.099 -07:00 [INF] Executed endpoint 'Microsoft.AspNetCore.Routing.RouteEndpoint'
2025-03-20 11:40:45.102 -07:00 [INF] Request finished HTTP/1.1 GET http://localhost:5276/css/site.b9sayid5wm.css - 200 700 text/css 93.037ms
2025-03-20 11:40:45.115 -07:00 [INF] Request finished HTTP/1.1 GET http://localhost:5276/demlandscheduling.svgnti2ui0.styles.css - 200 1168 text/css 103.4401ms
2025-03-20 11:40:45.117 -07:00 [INF] Request finished HTTP/1.1 GET http://localhost:5276/lib/jquery/dist/jquery.min.o1o13a6vjx.js - 200 87576 text/javascript 107.3411ms
2025-03-20 11:40:45.120 -07:00 [INF] Request finished HTTP/1.1 GET http://localhost:5276/lib/bootstrap/dist/js/bootstrap.bundle.min.493y06b0oq.js - 200 80764 text/javascript 109.3804ms
2025-03-20 11:40:45.122 -07:00 [INF] Request finished HTTP/1.1 GET http://localhost:5276/js/site.xtxxf3hu2r.js - 200 264 text/javascript 111.8847ms
2025-03-20 11:40:52.495 -07:00 [INF] Application is shutting down...
